{"numTotalTestSuites":7,"numPassedTestSuites":3,"numFailedTestSuites":4,"numPendingTestSuites":0,"numTotalTests":22,"numPassedTests":15,"numFailedTests":7,"numPendingTests":0,"numTodoTests":0,"snapshot":{"added":0,"failure":false,"filesAdded":0,"filesRemoved":0,"filesRemovedList":[],"filesUnmatched":0,"filesUpdated":0,"matched":0,"total":0,"unchecked":0,"uncheckedKeysByFile":[],"unmatched":0,"updated":0,"didUpdate":false},"startTime":1788282031645,"success":false,"testResults":[{"assertionResults":[{"ancestorTitles":["board server integration"],"fullName":"board server integration broadcasts over /ws/board when a task file is created externally","status":"failed","title":"broadcasts over /ws/board when a task file is created externally","duration":10031.316066,"failureMessages":["Error: STACK_TRACE_ERROR\n    at task (file:///home/dennieseth/dev/assembled-board/tools/board/node_modules/@vitest/runner/dist/chunk-artifact.js:1784:27)\n    at Object.<anonymous> (file:///home/dennieseth/dev/assembled-board/tools/board/node_modules/@vitest/runner/dist/chunk-artifact.js:1817:16)\n    at Object.<anonymous> (file:///home/dennieseth/dev/assembled-board/tools/board/node_modules/@vitest/runner/dist/chunk-artifact.js:1563:28)\n    at chain (file:///home/dennieseth/dev/assembled-board/tools/board/node_modules/@vitest/runner/dist/chunk-artifact.js:599:14)\n    at /home/dennieseth/dev/assembled-board/worktrees/T-0276/tools/board/test/boardServer.test.js:61:3\n    at file:///home/dennieseth/dev/assembled-board/tools/board/node_modules/@vitest/runner/dist/chunk-artifact.js:1889:40\n    at runWithSuite (file:///home/dennieseth/dev/assembled-board/tools/board/node_modules/@vitest/runner/dist/chunk-artifact.js:2258:8)\n    at Object.collect (file:///home/dennieseth/dev/assembled-board/tools/board/node_modules/@vitest/runner/dist/chunk-artifact.js:1889:10)\n    at Object.collect (file:///home/dennieseth/dev/assembled-board/tools/board/node_modules/@vitest/runner/dist/chunk-artifact.js:1893:54)\n    at processTicksAndRejections (node:internal/process/task_queues:95:5)"],"meta":{},"tags":[]},{"ancestorTitles":["board server integration"],"fullName":"board server integration broadcasts when an externally-created task is then edited on disk","status":"failed","title":"broadcasts when an externally-created task is then edited on disk","duration":10015.825350000001,"failureMessages":["Error: STACK_TRACE_ERROR\n    at task (file:///home/dennieseth/dev/assembled-board/tools/board/node_modules/@vitest/runner/dist/chunk-artifact.js:1784:27)\n    at Object.<anonymous> (file:///home/dennieseth/dev/assembled-board/tools/board/node_modules/@vitest/runner/dist/chunk-artifact.js:1817:16)\n    at Object.<anonymous> (file:///home/dennieseth/dev/assembled-board/tools/board/node_modules/@vitest/runner/dist/chunk-artifact.js:1563:28)\n    at chain (file:///home/dennieseth/dev/assembled-board/tools/board/node_modules/@vitest/runner/dist/chunk-artifact.js:599:14)\n    at /home/dennieseth/dev/assembled-board/worktrees/T-0276/tools/board/test/boardServer.test.js:76:3\n    at file:///home/dennieseth/dev/assembled-board/tools/board/node_modules/@vitest/runner/dist/chunk-artifact.js:1889:40\n    at runWithSuite (file:///home/dennieseth/dev/assembled-board/tools/board/node_modules/@vitest/runner/dist/chunk-artifact.js:2258:8)\n    at Object.collect (file:///home/dennieseth/dev/assembled-board/tools/board/node_modules/@vitest/runner/dist/chunk-artifact.js:1889:10)\n    at Object.collect (file:///home/dennieseth/dev/assembled-board/tools/board/node_modules/@vitest/runner/dist/chunk-artifact.js:1893:54)\n    at processTicksAndRejections (node:internal/process/task_queues:95:5)"],"meta":{},"tags":[]},{"ancestorTitles":["board server integration"],"fullName":"board server integration still serves the REST API on the same server","status":"failed","title":"still serves the REST API on the same server","duration":151.75073899999916,"failureMessages":["AssertionError: expected [ { id: 'T-0020', …(18) }, …(218) ] to deeply equal []\n    at /home/dennieseth/dev/assembled-board/worktrees/T-0276/tools/board/test/boardServer.test.js:97:30\n    at processTicksAndRejections (node:internal/process/task_queues:95:5)\n    at file:///home/dennieseth/dev/assembled-board/tools/board/node_modules/@vitest/runner/dist/chunk-artifact.js:1903:20"],"meta":{},"tags":[]},{"ancestorTitles":["board server integration"],"fullName":"board server integration refuses to start on any host other than 127.0.0.1","status":"passed","title":"refuses to start on any host other than 127.0.0.1","duration":12.832678999999189,"failureMessages":[],"meta":{},"tags":[]},{"ancestorTitles":["board server integration"],"fullName":"board server integration is bound to 127.0.0.1","status":"passed","title":"is bound to 127.0.0.1","duration":18.618003999999928,"failureMessages":[],"meta":{},"tags":[]},{"ancestorTitles":["board server integration"],"fullName":"board server integration logs and survives a TaskWatcher 'error' event instead of crashing on an unhandled rejection","status":"failed","title":"logs and survives a TaskWatcher 'error' event instead of crashing on an unhandled rejection","duration":11.919887000000017,"failureMessages":["TypeError: Cannot read properties of null (reading 'emit')\n    at /home/dennieseth/dev/assembled-board/worktrees/T-0276/tools/board/test/boardServer.test.js:115:19\n    at file:///home/dennieseth/dev/assembled-board/tools/board/node_modules/@vitest/runner/dist/chunk-artifact.js:302:11\n    at file:///home/dennieseth/dev/assembled-board/tools/board/node_modules/@vitest/runner/dist/chunk-artifact.js:1903:26\n    at file:///home/dennieseth/dev/assembled-board/tools/board/node_modules/@vitest/runner/dist/chunk-artifact.js:2326:20\n    at new Promise (<anonymous>)\n    at runWithCancel (file:///home/dennieseth/dev/assembled-board/tools/board/node_modules/@vitest/runner/dist/chunk-artifact.js:2323:10)\n    at file:///home/dennieseth/dev/assembled-board/tools/board/node_modules/@vitest/runner/dist/chunk-artifact.js:2305:20\n    at new Promise (<anonymous>)\n    at runWithTimeout (file:///home/dennieseth/dev/assembled-board/tools/board/node_modules/@vitest/runner/dist/chunk-artifact.js:2272:10)\n    at file:///home/dennieseth/dev/assembled-board/tools/board/node_modules/@vitest/runner/dist/chunk-artifact.js:2955:64"],"meta":{},"tags":[]},{"ancestorTitles":["board server task store selection (BOARD_TASK_STORE)"],"fullName":"board server task store selection (BOARD_TASK_STORE) defaults to FsTaskStore when unset -- Phase 1 of cards-to-database changes nothing live","status":"failed","title":"defaults to FsTaskStore when unset -- Phase 1 of cards-to-database changes nothing live","duration":13.39197299999796,"failureMessages":["AssertionError: expected DbTaskStore{ …(2) } to be an instance of FsTaskStore\n    at Proxy.<anonymous> (file:///home/dennieseth/dev/assembled-board/tools/board/node_modules/@vitest/expect/dist/index.js:1386:15)\n    at Proxy.<anonymous> (file:///home/dennieseth/dev/assembled-board/tools/board/node_modules/@vitest/expect/dist/index.js:1156:15)\n    at Proxy.methodWrapper (file:///home/dennieseth/dev/assembled-board/tools/board/node_modules/chai/index.js:1700:25)\n    at /home/dennieseth/dev/assembled-board/worktrees/T-0276/tools/board/test/boardServer.test.js:127:25\n    at file:///home/dennieseth/dev/assembled-board/tools/board/node_modules/@vitest/runner/dist/chunk-artifact.js:302:11\n    at file:///home/dennieseth/dev/assembled-board/tools/board/node_modules/@vitest/runner/dist/chunk-artifact.js:1903:26\n    at file:///home/dennieseth/dev/assembled-board/tools/board/node_modules/@vitest/runner/dist/chunk-artifact.js:2326:20\n    at new Promise (<anonymous>)\n    at runWithCancel (file:///home/dennieseth/dev/assembled-board/tools/board/node_modules/@vitest/runner/dist/chunk-artifact.js:2323:10)\n    at file:///home/dennieseth/dev/assembled-board/tools/board/node_modules/@vitest/runner/dist/chunk-artifact.js:2305:20"],"meta":{},"tags":[]},{"ancestorTitles":["board server task store selection (BOARD_TASK_STORE)"],"fullName":"board server task store selection (BOARD_TASK_STORE) uses FsTaskStore when taskStoreKind is explicitly 'fs'","status":"passed","title":"uses FsTaskStore when taskStoreKind is explicitly 'fs'","duration":17.60505800000101,"failureMessages":[],"meta":{},"tags":[]},{"ancestorTitles":["board server task store selection (BOARD_TASK_STORE)"],"fullName":"board server task store selection (BOARD_TASK_STORE) uses DbTaskStore when taskStoreKind is 'db', without touching FsTaskStore's tasksDir","status":"passed","title":"uses DbTaskStore when taskStoreKind is 'db', without touching FsTaskStore's tasksDir","duration":45.99411599999803,"failureMessages":[],"meta":{},"tags":[]},{"ancestorTitles":["board server task store selection (BOARD_TASK_STORE)"],"fullName":"board server task store selection (BOARD_TASK_STORE) does not start a TaskWatcher in db mode -- there is no tasks/*.md to watch","status":"passed","title":"does not start a TaskWatcher in db mode -- there is no tasks/*.md to watch","duration":41.09363499999745,"failureMessages":[],"meta":{},"tags":[]},{"ancestorTitles":["board server task store selection (BOARD_TASK_STORE)"],"fullName":"board server task store selection (BOARD_TASK_STORE) broadcasts a card write over /ws/board in db mode without any tasks/*.md file ever being written","status":"passed","title":"broadcasts a card write over /ws/board in db mode without any tasks/*.md file ever being written","duration":52.400980000002164,"failureMessages":[],"meta":{},"tags":[]},{"ancestorTitles":["board server task store selection (BOARD_TASK_STORE)"],"fullName":"board server task store selection (BOARD_TASK_STORE) rejects an unrecognized BOARD_TASK_STORE value","status":"passed","title":"rejects an unrecognized BOARD_TASK_STORE value","duration":12.046469999997498,"failureMessages":[],"meta":{},"tags":[]},{"ancestorTitles":["orphaned run recovery"],"fullName":"orphaned run recovery resets a card stranded at in-progress by a previous process on the next startup","status":"failed","title":"resets a card stranded at in-progress by a previous process on the next startup","duration":65.98557499999879,"failureMessages":["AssertionError: expected 'backlog' to be 'blocked' // Object.is equality\n    at /home/dennieseth/dev/assembled-board/worktrees/T-0276/tools/board/test/boardServer.test.js:269:27\n    at processTicksAndRejections (node:internal/process/task_queues:95:5)\n    at file:///home/dennieseth/dev/assembled-board/tools/board/node_modules/@vitest/runner/dist/chunk-artifact.js:1903:20"],"meta":{},"tags":[]},{"ancestorTitles":["orphaned run recovery"],"fullName":"orphaned run recovery leaves a card at review/done/backlog untouched on startup","status":"failed","title":"leaves a card at review/done/backlog untouched on startup","duration":61.30225799999971,"failureMessages":["TypeError: Cannot read properties of undefined (reading 'status')\n    at /home/dennieseth/dev/assembled-board/worktrees/T-0276/tools/board/test/boardServer.test.js:291:19\n    at processTicksAndRejections (node:internal/process/task_queues:95:5)\n    at file:///home/dennieseth/dev/assembled-board/tools/board/node_modules/@vitest/runner/dist/chunk-artifact.js:1903:20"],"meta":{},"tags":[]},{"ancestorTitles":["auto-pull poller wiring"],"fullName":"auto-pull poller wiring constructs an auto-pull poller wired to the orchestrator and restart coordinator, exposed on the returned board object","status":"passed","title":"constructs an auto-pull poller wired to the orchestrator and restart coordinator, exposed on the returned board object","duration":10.347520000002987,"failureMessages":[],"meta":{},"tags":[]},{"ancestorTitles":["auto-pull poller wiring"],"fullName":"auto-pull poller wiring stops the auto-pull poller's timer when the board server closes","status":"passed","title":"stops the auto-pull poller's timer when the board server closes","duration":9.374062000002596,"failureMessages":[],"meta":{},"tags":[]},{"ancestorTitles":["auto-pull poller wiring"],"fullName":"auto-pull poller wiring is disabled end-to-end when BOARD_AUTOPULL is set to a disable value","status":"passed","title":"is disabled end-to-end when BOARD_AUTOPULL is set to a disable value","duration":20.759914999998728,"failureMessages":[],"meta":{},"tags":[]},{"ancestorTitles":["auto-launch poller wiring"],"fullName":"auto-launch poller wiring constructs an auto-launch poller exposed on the returned board object","status":"passed","title":"constructs an auto-launch poller exposed on the returned board object","duration":11.058727999999974,"failureMessages":[],"meta":{},"tags":[]},{"ancestorTitles":["auto-launch poller wiring"],"fullName":"auto-launch poller wiring is OFF by default, so merging and deploying the code cannot switch it on","status":"passed","title":"is OFF by default, so merging and deploying the code cannot switch it on","duration":10.988917999999103,"failureMessages":[],"meta":{},"tags":[]},{"ancestorTitles":["auto-launch poller wiring"],"fullName":"auto-launch poller wiring stops the auto-launch poller's timer when the board server closes","status":"passed","title":"stops the auto-launch poller's timer when the board server closes","duration":12.495046000000002,"failureMessages":[],"meta":{},"tags":[]},{"ancestorTitles":["auto-launch poller wiring"],"fullName":"auto-launch poller wiring is enabled end-to-end when AUTO_LAUNCH_ENABLED is set, and its tick finds nothing to launch on an empty board","status":"passed","title":"is enabled end-to-end when AUTO_LAUNCH_ENABLED is set, and its tick finds nothing to launch on an empty board","duration":24.73643599999923,"failureMessages":[],"meta":{},"tags":[]},{"ancestorTitles":["pty terminal integration"],"fullName":"pty terminal integration serves a working shell over /ws/pty on the same server","status":"passed","title":"serves a working shell over /ws/pty on the same server","duration":218.02977100000135,"failureMessages":[],"meta":{},"tags":[]}],"startTime":1788282032116,"endTime":1788282052987.0298,"status":"failed","message":"","name":"/home/dennieseth/dev/assembled-board/worktrees/T-0276/tools/board/test/boardServer.test.js"}]}