{"numTotalTestSuites":594,"numPassedTestSuites":590,"numFailedTestSuites":4,"numPendingTestSuites":0,"numTotalTests":2319,"numPassedTests":2312,"numFailedTests":7,"numPendingTests":0,"numTodoTests":0,"snapshot":{"added":0,"failure":false,"filesAdded":0,"filesRemoved":0,"filesRemovedList":[],"filesUnmatched":0,"filesUpdated":0,"matched":0,"total":0,"unchecked":0,"uncheckedKeysByFile":[],"unmatched":0,"updated":0,"didUpdate":false},"startTime":1788281992289,"success":false,"testResults":[{"assertionResults":[{"ancestorTitles":["parseAcceptanceCriteria"],"fullName":"parseAcceptanceCriteria extracts unchecked checkbox items under ## Acceptance","status":"passed","title":"extracts unchecked checkbox items under ## Acceptance","duration":3.0274269999999888,"failureMessages":[],"meta":{},"tags":[]},{"ancestorTitles":["parseAcceptanceCriteria"],"fullName":"parseAcceptanceCriteria marks checked items ([x] or [X]) as checked: true","status":"passed","title":"marks checked items ([x] or [X]) as checked: true","duration":0.3529190000000142,"failureMessages":[],"meta":{},"tags":[]},{"ancestorTitles":["parseAcceptanceCriteria"],"fullName":"parseAcceptanceCriteria returns [] when there is no Acceptance section at all","status":"passed","title":"returns [] when there is no Acceptance section at all","duration":0.20363000000000397,"failureMessages":[],"meta":{},"tags":[]},{"ancestorTitles":["parseAcceptanceCriteria"],"fullName":"parseAcceptanceCriteria returns [] for an empty body","status":"passed","title":"returns [] for an empty body","duration":0.4360810000000015,"failureMessages":[],"meta":{},"tags":[]},{"ancestorTitles":["parseAcceptanceCriteria"],"fullName":"parseAcceptanceCriteria returns [] for a non-string body","status":"passed","title":"returns [] for a non-string body","duration":0.535854999999998,"failureMessages":[],"meta":{},"tags":[]},{"ancestorTitles":["parseAcceptanceCriteria"],"fullName":"parseAcceptanceCriteria stops at the next ## heading and ignores content after it","status":"passed","title":"stops at the next ## heading and ignores content after it","duration":0.2775749999999846,"failureMessages":[],"meta":{},"tags":[]},{"ancestorTitles":["parseAcceptanceCriteria"],"fullName":"parseAcceptanceCriteria ignores non-checkbox lines within the Acceptance section","status":"passed","title":"ignores non-checkbox lines within the Acceptance section","duration":0.2553350000000023,"failureMessages":[],"meta":{},"tags":[]},{"ancestorTitles":["parseAcceptanceCriteria"],"fullName":"parseAcceptanceCriteria trims surrounding whitespace from criterion text","status":"passed","title":"trims surrounding whitespace from criterion text","duration":0.34788700000001427,"failureMessages":[],"meta":{},"tags":[]},{"ancestorTitles":["parseAcceptanceCriteria"],"fullName":"parseAcceptanceCriteria matches the real T-0136 card's Acceptance section shape","status":"passed","title":"matches the real T-0136 card's Acceptance section shape","duration":0.3053869999999961,"failureMessages":[],"meta":{},"tags":[]}],"startTime":1788281999143,"endTime":1788281999149.3054,"status":"passed","message":"","name":"/home/dennieseth/dev/assembled-board/worktrees/T-0276/tools/board/test/acceptanceCriteria.test.js"},{"assertionResults":[{"ancestorTitles":["listAssignableAgents"],"fullName":"listAssignableAgents lists agent names from .md files sorted alphabetically","status":"passed","title":"lists agent names from .md files sorted alphabetically","duration":11.313559999999995,"failureMessages":[],"meta":{},"tags":[]},{"ancestorTitles":["listAssignableAgents"],"fullName":"listAssignableAgents excludes the reviewer agent, which is not a valid task-assignable agent","status":"passed","title":"excludes the reviewer agent, which is not a valid task-assignable agent","duration":8.397657000000038,"failureMessages":[],"meta":{},"tags":[]},{"ancestorTitles":["listAssignableAgents"],"fullName":"listAssignableAgents includes planner as an assignable agent (runnable implementer-style, unlike reviewer)","status":"passed","title":"includes planner as an assignable agent (runnable implementer-style, unlike reviewer)","duration":5.435905000000048,"failureMessages":[],"meta":{},"tags":[]},{"ancestorTitles":["listAssignableAgents"],"fullName":"listAssignableAgents includes generic as an assignable agent (the default general-purpose implementer)","status":"passed","title":"includes generic as an assignable agent (the default general-purpose implementer)","duration":5.408877000000018,"failureMessages":[],"meta":{},"tags":[]},{"ancestorTitles":["listAssignableAgents"],"fullName":"listAssignableAgents excludes any file whose name is not a recognized assignable agent","status":"passed","title":"excludes any file whose name is not a recognized assignable agent","duration":8.740305999999975,"failureMessages":[],"meta":{},"tags":[]},{"ancestorTitles":["listAssignableAgents"],"fullName":"listAssignableAgents excludes dispatch (a valid task agent value, but a non-executable escalation sentinel with no agent definition file)","status":"passed","title":"excludes dispatch (a valid task agent value, but a non-executable escalation sentinel with no agent definition file)","duration":3.228812000000005,"failureMessages":[],"meta":{},"tags":[]},{"ancestorTitles":["listAssignableAgents"],"fullName":"listAssignableAgents ignores non-.md files","status":"passed","title":"ignores non-.md files","duration":6.178685999999971,"failureMessages":[],"meta":{},"tags":[]},{"ancestorTitles":["listAssignableAgents"],"fullName":"listAssignableAgents returns an empty array when the agents directory does not exist","status":"passed","title":"returns an empty array when the agents directory does not exist","duration":2.639972,"failureMessages":[],"meta":{},"tags":[]}],"startTime":1788281997573,"endTime":1788281997624.64,"status":"passed","message":"","name":"/home/dennieseth/dev/assembled-board/worktrees/T-0276/tools/board/test/agentCatalog.test.js"},{"assertionResults":[{"ancestorTitles":["agentCurl against a real board server"],"fullName":"agentCurl against a real board server cannot PATCH a card's status; the card is unchanged afterwards","status":"passed","title":"cannot PATCH a card's status; the card is unchanged afterwards","duration":295.77227300000004,"failureMessages":[],"meta":{},"tags":[]},{"ancestorTitles":["agentCurl against a real board server"],"fullName":"agentCurl against a real board server cannot start a run, comment, or delete the card either","status":"passed","title":"cannot start a run, comment, or delete the card either","duration":285.5462789999999,"failureMessages":[],"meta":{},"tags":[]},{"ancestorTitles":["agentCurl against a real board server"],"fullName":"agentCurl against a real board server still uploads an attachment, which is what the grant exists for","status":"passed","title":"still uploads an attachment, which is what the grant exists for","duration":241.1482699999999,"failureMessages":[],"meta":{},"tags":[]},{"ancestorTitles":["agentCurl against a real board server"],"fullName":"agentCurl against a real board server still reads the card and its attachment list","status":"passed","title":"still reads the card and its attachment list","duration":175.66711800000007,"failureMessages":[],"meta":{},"tags":[]}],"startTime":1788281993223,"endTime":1788281994221.6672,"status":"passed","message":"","name":"/home/dennieseth/dev/assembled-board/worktrees/T-0276/tools/board/test/agentCurl.boardServer.test.js"},{"assertionResults":[{"ancestorTitles":["agentCurlPolicy -- board API is read-only to agents"],"fullName":"agentCurlPolicy -- board API is read-only to agents denies the exact self-status PATCH that T-0221 used to route around a denied gh pr create","status":"passed","title":"denies the exact self-status PATCH that T-0221 used to route around a denied gh pr create","duration":6.530383000000029,"failureMessages":[],"meta":{},"tags":[]},{"ancestorTitles":["agentCurlPolicy -- board API is read-only to agents"],"fullName":"agentCurlPolicy -- board API is read-only to agents denies PATCH /api/tasks/T-0153","status":"passed","title":"denies PATCH /api/tasks/T-0153","duration":0.9049579999999651,"failureMessages":[],"meta":{},"tags":[]},{"ancestorTitles":["agentCurlPolicy -- board API is read-only to agents"],"fullName":"agentCurlPolicy -- board API is read-only to agents denies DELETE /api/tasks/T-0153","status":"passed","title":"denies DELETE /api/tasks/T-0153","duration":0.6804400000000328,"failureMessages":[],"meta":{},"tags":[]},{"ancestorTitles":["agentCurlPolicy -- board API is read-only to agents"],"fullName":"agentCurlPolicy -- board API is read-only to agents denies PUT /api/tasks/T-0153","status":"passed","title":"denies PUT /api/tasks/T-0153","duration":0.7040540000000419,"failureMessages":[],"meta":{},"tags":[]},{"ancestorTitles":["agentCurlPolicy -- board API is read-only to agents"],"fullName":"agentCurlPolicy -- board API is read-only to agents denies POST /api/tasks","status":"passed","title":"denies POST /api/tasks","duration":0.7594219999999723,"failureMessages":[],"meta":{},"tags":[]},{"ancestorTitles":["agentCurlPolicy -- board API is read-only to agents"],"fullName":"agentCurlPolicy -- board API is read-only to agents denies POST /api/tasks/T-0153/run","status":"passed","title":"denies POST /api/tasks/T-0153/run","duration":0.6270739999999932,"failureMessages":[],"meta":{},"tags":[]},{"ancestorTitles":["agentCurlPolicy -- board API is read-only to agents"],"fullName":"agentCurlPolicy -- board API is read-only to agents denies POST /api/tasks/T-0153/cancel","status":"passed","title":"denies POST /api/tasks/T-0153/cancel","duration":0.4770340000000033,"failureMessages":[],"meta":{},"tags":[]},{"ancestorTitles":["agentCurlPolicy -- board API is read-only to agents"],"fullName":"agentCurlPolicy -- board API is read-only to agents denies POST /api/tasks/T-0153/comments","status":"passed","title":"denies POST /api/tasks/T-0153/comments","duration":0.1930110000000127,"failureMessages":[],"meta":{},"tags":[]},{"ancestorTitles":["agentCurlPolicy -- board API is read-only to agents"],"fullName":"agentCurlPolicy -- board API is read-only to agents denies DELETE /api/tasks/T-0153/attachments/foo.png","status":"passed","title":"denies DELETE /api/tasks/T-0153/attachments/foo.png","duration":0.48925300000001926,"failureMessages":[],"meta":{},"tags":[]},{"ancestorTitles":["agentCurlPolicy -- board API is read-only to agents"],"fullName":"agentCurlPolicy -- board API is read-only to agents denies the same mutation through the vite dev server, which proxies /api to the board","status":"passed","title":"denies the same mutation through the vite dev server, which proxies /api to the board","duration":0.5639660000000504,"failureMessages":[],"meta":{},"tags":[]},{"ancestorTitles":["agentCurlPolicy -- board API is read-only to agents"],"fullName":"agentCurlPolicy -- board API is read-only to agents denies a mutation aimed at the board under any loopback spelling","status":"passed","title":"denies a mutation aimed at the board under any loopback spelling","duration":0.7434480000000008,"failureMessages":[],"meta":{},"tags":[]},{"ancestorTitles":["agentCurlPolicy -- board API is read-only to agents"],"fullName":"agentCurlPolicy -- board API is read-only to agents honours a non-default BOARD_PORT","status":"passed","title":"honours a non-default BOARD_PORT","duration":0.34389299999998,"failureMessages":[],"meta":{},"tags":[]},{"ancestorTitles":["agentCurlPolicy -- board API is read-only to agents"],"fullName":"agentCurlPolicy -- board API is read-only to agents still allows reading the board (GET), which agents legitimately do","status":"passed","title":"still allows reading the board (GET), which agents legitimately do","duration":0.3380130000000463,"failureMessages":[],"meta":{},"tags":[]},{"ancestorTitles":["agentCurlPolicy -- the calls agents genuinely need still work"],"fullName":"agentCurlPolicy -- the calls agents genuinely need still work allows the mandatory attachment upload","status":"passed","title":"allows the mandatory attachment upload","duration":0.7138230000000476,"failureMessages":[],"meta":{},"tags":[]},{"ancestorTitles":["agentCurlPolicy -- the calls agents genuinely need still work"],"fullName":"agentCurlPolicy -- the calls agents genuinely need still work allows ComfyUI generation traffic with the flag shapes agents actually use","status":"passed","title":"allows ComfyUI generation traffic with the flag shapes agents actually use","duration":0.6811950000000024,"failureMessages":[],"meta":{},"tags":[]},{"ancestorTitles":["agentCurlPolicy -- the calls agents genuinely need still work"],"fullName":"agentCurlPolicy -- the calls agents genuinely need still work allows the ACE-Step / Stable Audio services and public reference downloads","status":"passed","title":"allows the ACE-Step / Stable Audio services and public reference downloads","duration":0.4732160000000363,"failureMessages":[],"meta":{},"tags":[]},{"ancestorTitles":["agentCurlPolicy -- the validated method and target cannot be overridden"],"fullName":"agentCurlPolicy -- the validated method and target cannot be overridden rejects -X in the pass-through args","status":"passed","title":"rejects -X in the pass-through args","duration":0.3307360000000017,"failureMessages":[],"meta":{},"tags":[]},{"ancestorTitles":["agentCurlPolicy -- the validated method and target cannot be overridden"],"fullName":"agentCurlPolicy -- the validated method and target cannot be overridden rejects --request in the pass-through args","status":"passed","title":"rejects --request in the pass-through args","duration":0.21915500000000065,"failureMessages":[],"meta":{},"tags":[]},{"ancestorTitles":["agentCurlPolicy -- the validated method and target cannot be overridden"],"fullName":"agentCurlPolicy -- the validated method and target cannot be overridden rejects --url in the pass-through args","status":"passed","title":"rejects --url in the pass-through args","duration":0.18590900000003785,"failureMessages":[],"meta":{},"tags":[]},{"ancestorTitles":["agentCurlPolicy -- the validated method and target cannot be overridden"],"fullName":"agentCurlPolicy -- the validated method and target cannot be overridden rejects --next in the pass-through args","status":"passed","title":"rejects --next in the pass-through args","duration":0.40567900000002055,"failureMessages":[],"meta":{},"tags":[]},{"ancestorTitles":["agentCurlPolicy -- the validated method and target cannot be overridden"],"fullName":"agentCurlPolicy -- the validated method and target cannot be overridden rejects -K in the pass-through args","status":"passed","title":"rejects -K in the pass-through args","duration":0.20282299999996667,"failureMessages":[],"meta":{},"tags":[]},{"ancestorTitles":["agentCurlPolicy -- the validated method and target cannot be overridden"],"fullName":"agentCurlPolicy -- the validated method and target cannot be overridden rejects --config in the pass-through args","status":"passed","title":"rejects --config in the pass-through args","duration":0.25131999999996424,"failureMessages":[],"meta":{},"tags":[]},{"ancestorTitles":["agentCurlPolicy -- the validated method and target cannot be overridden"],"fullName":"agentCurlPolicy -- the validated method and target cannot be overridden rejects -T in the pass-through args","status":"passed","title":"rejects -T in the pass-through args","duration":0.21550500000000739,"failureMessages":[],"meta":{},"tags":[]},{"ancestorTitles":["agentCurlPolicy -- the validated method and target cannot be overridden"],"fullName":"agentCurlPolicy -- the validated method and target cannot be overridden rejects --upload-file in the pass-through args","status":"passed","title":"rejects --upload-file in the pass-through args","duration":0.196612000000016,"failureMessages":[],"meta":{},"tags":[]},{"ancestorTitles":["agentCurlPolicy -- the validated method and target cannot be overridden"],"fullName":"agentCurlPolicy -- the validated method and target cannot be overridden rejects -G in the pass-through args","status":"passed","title":"rejects -G in the pass-through args","duration":0.2161830000000009,"failureMessages":[],"meta":{},"tags":[]},{"ancestorTitles":["agentCurlPolicy -- the validated method and target cannot be overridden"],"fullName":"agentCurlPolicy -- the validated method and target cannot be overridden rejects `--request=PATCH` written with an equals sign","status":"passed","title":"rejects `--request=PATCH` written with an equals sign","duration":0.3516509999999471,"failureMessages":[],"meta":{},"tags":[]},{"ancestorTitles":["agentCurlPolicy -- the validated method and target cannot be overridden"],"fullName":"agentCurlPolicy -- the validated method and target cannot be overridden rejects a method override bundled into a short-flag cluster","status":"passed","title":"rejects a method override bundled into a short-flag cluster","duration":0.25350700000001325,"failureMessages":[],"meta":{},"tags":[]},{"ancestorTitles":["agentCurlPolicy -- the validated method and target cannot be overridden"],"fullName":"agentCurlPolicy -- the validated method and target cannot be overridden rejects a second, board-pointing URL smuggled in after an allowed one","status":"passed","title":"rejects a second, board-pointing URL smuggled in after an allowed one","duration":0.33596399999998994,"failureMessages":[],"meta":{},"tags":[]},{"ancestorTitles":["agentCurlPolicy -- the validated method and target cannot be overridden"],"fullName":"agentCurlPolicy -- the validated method and target cannot be overridden fails closed on unusable input","status":"passed","title":"fails closed on unusable input","duration":0.4844799999999623,"failureMessages":[],"meta":{},"tags":[]}],"startTime":1788281998516,"endTime":1788281998536.4844,"status":"passed","message":"","name":"/home/dennieseth/dev/assembled-board/worktrees/T-0276/tools/board/test/agentCurlPolicy.test.js"},{"assertionResults":[{"ancestorTitles":["requiresApproval / isApproved / needsApproval"],"fullName":"requiresApproval / isApproved / needsApproval treats only an explicit true flag as gated","status":"passed","title":"treats only an explicit true flag as gated","duration":5.2100959999999645,"failureMessages":[],"meta":{},"tags":[]},{"ancestorTitles":["requiresApproval / isApproved / needsApproval"],"fullName":"requiresApproval / isApproved / needsApproval treats a recorded approver as the approval","status":"passed","title":"treats a recorded approver as the approval","duration":1.0983499999999822,"failureMessages":[],"meta":{},"tags":[]},{"ancestorTitles":["requiresApproval / isApproved / needsApproval"],"fullName":"requiresApproval / isApproved / needsApproval needs approval only while a gated card has none recorded","status":"passed","title":"needs approval only while a gated card has none recorded","duration":0.642470000000003,"failureMessages":[],"meta":{},"tags":[]},{"ancestorTitles":["actor identity"],"fullName":"actor identity classifies the wrapper's own stamp and every reserved agent identity as an agent","status":"passed","title":"classifies the wrapper's own stamp and every reserved agent identity as an agent","duration":1.6840640000000349,"failureMessages":[],"meta":{},"tags":[]},{"ancestorTitles":["actor identity"],"fullName":"actor identity classifies a person, the board UI, and an absent actor as human","status":"passed","title":"classifies a person, the board UI, and an absent actor as human","duration":1.0081890000000158,"failureMessages":[],"meta":{},"tags":[]},{"ancestorTitles":["actor identity"],"fullName":"actor identity reads the actor off request headers, defaulting to unknown","status":"passed","title":"reads the actor off request headers, defaulting to unknown","duration":0.6946960000000217,"failureMessages":[],"meta":{},"tags":[]},{"ancestorTitles":["isApprovalMarker"],"fullName":"isApprovalMarker accepts the marker as the first non-empty line, in any case, with a rationale below","status":"passed","title":"accepts the marker as the first non-empty line, in any case, with a rationale below","duration":0.832369999999969,"failureMessages":[],"meta":{},"tags":[]},{"ancestorTitles":["isApprovalMarker"],"fullName":"isApprovalMarker rejects a comment that merely discusses approval","status":"passed","title":"rejects a comment that merely discusses approval","duration":0.8149649999999724,"failureMessages":[],"meta":{},"tags":[]},{"ancestorTitles":["approvalRecord"],"fullName":"approvalRecord records who approved and when","status":"passed","title":"records who approved and when","duration":2.4278710000000387,"failureMessages":[],"meta":{},"tags":[]},{"ancestorTitles":["approvalRecord"],"fullName":"approvalRecord never records an empty approver","status":"passed","title":"never records an empty approver","duration":1.0604079999999954,"failureMessages":[],"meta":{},"tags":[]},{"ancestorTitles":["assertRunnerMayApply"],"fullName":"assertRunnerMayApply refuses to let an automated write complete an unapproved gated card","status":"passed","title":"refuses to let an automated write complete an unapproved gated card","duration":2.5564030000000457,"failureMessages":[],"meta":{},"tags":[]},{"ancestorTitles":["assertRunnerMayApply"],"fullName":"assertRunnerMayApply allows every other write on a gated card, including parking it","status":"passed","title":"allows every other write on a gated card, including parking it","duration":2.2166970000000106,"failureMessages":[],"meta":{},"tags":[]},{"ancestorTitles":["assertRunnerMayApply"],"fullName":"assertRunnerMayApply allows done on a card that is not gated, or that a human already approved","status":"passed","title":"allows done on a card that is not gated, or that a human already approved","duration":0.9958809999999971,"failureMessages":[],"meta":{},"tags":[]},{"ancestorTitles":["parkedForApprovalComment"],"fullName":"parkedForApprovalComment names the card and both exits, so a human never has to go looking for the ritual","status":"passed","title":"names the card and both exits, so a human never has to go looking for the ritual","duration":1.6206419999999753,"failureMessages":[],"meta":{},"tags":[]},{"ancestorTitles":["parkedForApprovalComment"],"fullName":"parkedForApprovalComment is not itself an approval marker -- the board's own notice must never approve anything","status":"passed","title":"is not itself an approval marker -- the board's own notice must never approve anything","duration":0.88761599999998,"failureMessages":[],"meta":{},"tags":[]}],"startTime":1788281998733,"endTime":1788281998758.8877,"status":"passed","message":"","name":"/home/dennieseth/dev/assembled-board/worktrees/T-0276/tools/board/test/approvalGate.test.js"},{"assertionResults":[{"ancestorTitles":["atomicWriteFile"],"fullName":"atomicWriteFile writes the given content to the target path","status":"passed","title":"writes the given content to the target path","duration":20.800704999999994,"failureMessages":[],"meta":{},"tags":[]},{"ancestorTitles":["atomicWriteFile"],"fullName":"atomicWriteFile leaves no temp files behind after a successful write","status":"passed","title":"leaves no temp files behind after a successful write","duration":6.748057999999958,"failureMessages":[],"meta":{},"tags":[]},{"ancestorTitles":["atomicWriteFile"],"fullName":"atomicWriteFile overwrites an existing file atomically","status":"passed","title":"overwrites an existing file atomically","duration":5.45552200000003,"failureMessages":[],"meta":{},"tags":[]},{"ancestorTitles":["atomicWriteFile"],"fullName":"atomicWriteFile leaves the original file untouched if the write step fails","status":"passed","title":"leaves the original file untouched if the write step fails","duration":9.632053999999982,"failureMessages":[],"meta":{},"tags":[]},{"ancestorTitles":["atomicWriteFile"],"fullName":"atomicWriteFile cleans up the temp file if rename fails","status":"passed","title":"cleans up the temp file if rename fails","duration":11.529213000000027,"failureMessages":[],"meta":{},"tags":[]}],"startTime":1788281997928,"endTime":1788281997982.5293,"status":"passed","message":"","name":"/home/dennieseth/dev/assembled-board/worktrees/T-0276/tools/board/test/atomicWrite.test.js"},{"assertionResults":[{"ancestorTitles":["validateBacklog"],"fullName":"validateBacklog passes for a small, well-formed backlog","status":"passed","title":"passes for a small, well-formed backlog","duration":10.314278999999999,"failureMessages":[],"meta":{},"tags":[]},{"ancestorTitles":["validateBacklog"],"fullName":"validateBacklog passes for an empty backlog","status":"passed","title":"passes for an empty backlog","duration":0.34091799999998784,"failureMessages":[],"meta":{},"tags":[]},{"ancestorTitles":["validateBacklog"],"fullName":"validateBacklog reports a parse error per malformed card without aborting the rest of the set","status":"passed","title":"reports a parse error per malformed card without aborting the rest of the set","duration":4.236373999999955,"failureMessages":[],"meta":{},"tags":[]},{"ancestorTitles":["validateBacklog"],"fullName":"validateBacklog reports every malformed card, not just the first","status":"passed","title":"reports every malformed card, not just the first","duration":1.4789260000000013,"failureMessages":[],"meta":{},"tags":[]},{"ancestorTitles":["validateBacklog"],"fullName":"validateBacklog flags a filename that doesn't match its own task id","status":"passed","title":"flags a filename that doesn't match its own task id","duration":1.7793849999999907,"failureMessages":[],"meta":{},"tags":[]},{"ancestorTitles":["validateBacklog"],"fullName":"validateBacklog flags duplicate task ids across two files","status":"passed","title":"flags duplicate task ids across two files","duration":2.3387609999999768,"failureMessages":[],"meta":{},"tags":[]},{"ancestorTitles":["validateBacklog"],"fullName":"validateBacklog flags a depends_on entry that doesn't resolve to any known card","status":"passed","title":"flags a depends_on entry that doesn't resolve to any known card","duration":1.6623749999999973,"failureMessages":[],"meta":{},"tags":[]},{"ancestorTitles":["validateBacklog"],"fullName":"validateBacklog flags a direct two-node dependency cycle","status":"passed","title":"flags a direct two-node dependency cycle","duration":3.4102570000000014,"failureMessages":[],"meta":{},"tags":[]},{"ancestorTitles":["validateBacklog"],"fullName":"validateBacklog flags a transitive three-node cycle without duplicating the report per node","status":"passed","title":"flags a transitive three-node cycle without duplicating the report per node","duration":3.171541999999988,"failureMessages":[],"meta":{},"tags":[]},{"ancestorTitles":["validateBacklog"],"fullName":"validateBacklog flags a self-dependency as a cycle","status":"passed","title":"flags a self-dependency as a cycle","duration":1.5481720000000223,"failureMessages":[],"meta":{},"tags":[]},{"ancestorTitles":["validateBacklog"],"fullName":"validateBacklog does not flag a diamond dependency graph (shared dep, no cycle) as a cycle","status":"passed","title":"does not flag a diamond dependency graph (shared dep, no cycle) as a cycle","duration":2.5016939999999863,"failureMessages":[],"meta":{},"tags":[]},{"ancestorTitles":["validateBacklog"],"fullName":"validateBacklog does not flag a dependency on a card that is still in backlog status as any kind of error","status":"passed","title":"does not flag a dependency on a card that is still in backlog status as any kind of error","duration":0.9210699999999861,"failureMessages":[],"meta":{},"tags":[]},{"ancestorTitles":["validateBacklog"],"fullName":"validateBacklog collects unrelated errors together in one report","status":"passed","title":"collects unrelated errors together in one report","duration":1.7745009999999866,"failureMessages":[],"meta":{},"tags":[]},{"ancestorTitles":["readBacklogEntries"],"fullName":"readBacklogEntries returns an empty array for a directory that does not exist","status":"passed","title":"returns an empty array for a directory that does not exist","duration":1.3679920000000152,"failureMessages":[],"meta":{},"tags":[]},{"ancestorTitles":["readBacklogEntries"],"fullName":"readBacklogEntries reads only .md files from the real repo tasks/ directory","status":"passed","title":"reads only .md files from the real repo tasks/ directory","duration":102.79764700000004,"failureMessages":[],"meta":{},"tags":[]},{"ancestorTitles":["validateBacklog against the real repo backlog"],"fullName":"validateBacklog against the real repo backlog passes on the current tasks/ directory as committed","status":"passed","title":"passes on the current tasks/ directory as committed","duration":111.32819100000006,"failureMessages":[],"meta":{},"tags":[]},{"ancestorTitles":["backlogEntriesFromTasks (db-mode entrypoint, see scripts/validateBacklog.js)"],"fullName":"backlogEntriesFromTasks (db-mode entrypoint, see scripts/validateBacklog.js) builds the same {file, raw} shape readBacklogEntries produces off disk","status":"passed","title":"builds the same {file, raw} shape readBacklogEntries produces off disk","duration":4.585011000000009,"failureMessages":[],"meta":{},"tags":[]},{"ancestorTitles":["backlogEntriesFromTasks (db-mode entrypoint, see scripts/validateBacklog.js)"],"fullName":"backlogEntriesFromTasks (db-mode entrypoint, see scripts/validateBacklog.js) passes validateBacklog the same way a real tasks/ directory would","status":"passed","title":"passes validateBacklog the same way a real tasks/ directory would","duration":1.0241049999999632,"failureMessages":[],"meta":{},"tags":[]},{"ancestorTitles":["backlogEntriesFromTasks (db-mode entrypoint, see scripts/validateBacklog.js)"],"fullName":"backlogEntriesFromTasks (db-mode entrypoint, see scripts/validateBacklog.js) the synthesized filename always matches the task id, so the filename-mismatch check never fires (there is no DB analog)","status":"passed","title":"the synthesized filename always matches the task id, so the filename-mismatch check never fires (there is no DB analog)","duration":1.1176679999999806,"failureMessages":[],"meta":{},"tags":[]},{"ancestorTitles":["backlogEntriesFromTasks (db-mode entrypoint, see scripts/validateBacklog.js)"],"fullName":"backlogEntriesFromTasks (db-mode entrypoint, see scripts/validateBacklog.js) still catches a real backlog defect -- a dangling depends_on reference","status":"passed","title":"still catches a real backlog defect -- a dangling depends_on reference","duration":0.8466889999999694,"failureMessages":[],"meta":{},"tags":[]}],"startTime":1788281996329,"endTime":1788281996589.8467,"status":"passed","message":"","name":"/home/dennieseth/dev/assembled-board/worktrees/T-0276/tools/board/test/backlogValidator.test.js"},{"assertionResults":[{"ancestorTitles":["T-0227 bake-off pre-registration — the entry exists"],"fullName":"T-0227 bake-off pre-registration — the entry exists docs/decision-log.md carries a DL-21 entry naming T-0227","status":"passed","title":"docs/decision-log.md carries a DL-21 entry naming T-0227","duration":6.45241900000002,"failureMessages":[],"meta":{},"tags":[]},{"ancestorTitles":["T-0227 bake-off pre-registration — the entry exists"],"fullName":"T-0227 bake-off pre-registration — the entry exists the entry states it is pre-registered — committed before any arm generates anything","status":"passed","title":"the entry states it is pre-registered — committed before any arm generates anything","duration":1.4470810000000256,"failureMessages":[],"meta":{},"tags":[]},{"ancestorTitles":["T-0227 bake-off pre-registration — subject and state"],"fullName":"T-0227 bake-off pre-registration — subject and state fixes the subject to the player character, idle state only","status":"passed","title":"fixes the subject to the player character, idle state only","duration":1.2422190000000342,"failureMessages":[],"meta":{},"tags":[]},{"ancestorTitles":["T-0227 bake-off pre-registration — subject and state"],"fullName":"T-0227 bake-off pre-registration — subject and state conditions all three arms on T-0209's approved concept sheet","status":"passed","title":"conditions all three arms on T-0209's approved concept sheet","duration":1.024212000000034,"failureMessages":[],"meta":{},"tags":[]},{"ancestorTitles":["T-0227 bake-off pre-registration — output spec, identically binding"],"fullName":"T-0227 bake-off pre-registration — output spec, identically binding records 3x3 in the output spec","status":"passed","title":"records 3x3 in the output spec","duration":0.9380009999999857,"failureMessages":[],"meta":{},"tags":[]},{"ancestorTitles":["T-0227 bake-off pre-registration — output spec, identically binding"],"fullName":"T-0227 bake-off pre-registration — output spec, identically binding records 48x48 in the output spec","status":"passed","title":"records 48x48 in the output spec","duration":0.9700259999999616,"failureMessages":[],"meta":{},"tags":[]},{"ancestorTitles":["T-0227 bake-off pre-registration — output spec, identically binding"],"fullName":"T-0227 bake-off pre-registration — output spec, identically binding records 144x144 in the output spec","status":"passed","title":"records 144x144 in the output spec","duration":1.01863800000001,"failureMessages":[],"meta":{},"tags":[]},{"ancestorTitles":["T-0227 bake-off pre-registration — output spec, identically binding"],"fullName":"T-0227 bake-off pre-registration — output spec, identically binding records 13-asset-pipeline.md in the output spec","status":"passed","title":"records 13-asset-pipeline.md in the output spec","duration":0.8988479999999868,"failureMessages":[],"meta":{},"tags":[]},{"ancestorTitles":["T-0227 bake-off pre-registration — output spec, identically binding"],"fullName":"T-0227 bake-off pre-registration — output spec, identically binding records §3.1 in the output spec","status":"passed","title":"records §3.1 in the output spec","duration":1.082583999999997,"failureMessages":[],"meta":{},"tags":[]},{"ancestorTitles":["T-0227 bake-off pre-registration — output spec, identically binding"],"fullName":"T-0227 bake-off pre-registration — output spec, identically binding records 16-slot in the output spec","status":"passed","title":"records 16-slot in the output spec","duration":1.0505019999999945,"failureMessages":[],"meta":{},"tags":[]},{"ancestorTitles":["T-0227 bake-off pre-registration — output spec, identically binding"],"fullName":"T-0227 bake-off pre-registration — output spec, identically binding records P-7 in the output spec","status":"passed","title":"records P-7 in the output spec","duration":0.6226050000000214,"failureMessages":[],"meta":{},"tags":[]},{"ancestorTitles":["T-0227 bake-off pre-registration — output spec, identically binding"],"fullName":"T-0227 bake-off pre-registration — output spec, identically binding records model_hash in the output spec","status":"passed","title":"records model_hash in the output spec","duration":0.6863510000000019,"failureMessages":[],"meta":{},"tags":[]},{"ancestorTitles":["T-0227 bake-off pre-registration — output spec, identically binding"],"fullName":"T-0227 bake-off pre-registration — output spec, identically binding records concept_hash in the output spec","status":"passed","title":"records concept_hash in the output spec","duration":0.9219870000000014,"failureMessages":[],"meta":{},"tags":[]},{"ancestorTitles":["T-0227 bake-off pre-registration — output spec, identically binding"],"fullName":"T-0227 bake-off pre-registration — output spec, identically binding states the output spec binds all three arms identically, with no exceptions","status":"passed","title":"states the output spec binds all three arms identically, with no exceptions","duration":1.4001309999999876,"failureMessages":[],"meta":{},"tags":[]},{"ancestorTitles":["T-0227 bake-off pre-registration — judging conditions"],"fullName":"T-0227 bake-off pre-registration — judging conditions judges at 40px, in motion, inside the T-0192 blockout room","status":"passed","title":"judges at 40px, in motion, inside the T-0192 blockout room","duration":1.3171219999999835,"failureMessages":[],"meta":{},"tags":[]},{"ancestorTitles":["T-0227 bake-off pre-registration — judging conditions"],"fullName":"T-0227 bake-off pre-registration — judging conditions explicitly rules out judging at 1152 and judging as a contact sheet","status":"passed","title":"explicitly rules out judging at 1152 and judging as a contact sheet","duration":1.0161940000000413,"failureMessages":[],"meta":{},"tags":[]},{"ancestorTitles":["T-0227 bake-off pre-registration — criteria, in strict precedence"],"fullName":"T-0227 bake-off pre-registration — criteria, in strict precedence names all three criteria and orders them 1 -> 2 -> 3 in the text","status":"passed","title":"names all three criteria and orders them 1 -> 2 -> 3 in the text","duration":1.5079829999999674,"failureMessages":[],"meta":{},"tags":[]},{"ancestorTitles":["T-0227 bake-off pre-registration — criteria, in strict precedence"],"fullName":"T-0227 bake-off pre-registration — criteria, in strict precedence calls the precedence strict, not a weighting","status":"passed","title":"calls the precedence strict, not a weighting","duration":0.8624779999999532,"failureMessages":[],"meta":{},"tags":[]},{"ancestorTitles":["T-0227 bake-off pre-registration — criteria, in strict precedence"],"fullName":"T-0227 bake-off pre-registration — criteria, in strict precedence criterion 1 eliminates a failing arm rather than penalising it","status":"passed","title":"criterion 1 eliminates a failing arm rather than penalising it","duration":1.0523520000000417,"failureMessages":[],"meta":{},"tags":[]},{"ancestorTitles":["T-0227 bake-off pre-registration — criteria, in strict precedence"],"fullName":"T-0227 bake-off pre-registration — criteria, in strict precedence criterion 1 is a human pass/fail on person, facing, and action","status":"passed","title":"criterion 1 is a human pass/fail on person, facing, and action","duration":1.2197889999999916,"failureMessages":[],"meta":{},"tags":[]},{"ancestorTitles":["T-0227 bake-off pre-registration — criteria, in strict precedence"],"fullName":"T-0227 bake-off pre-registration — criteria, in strict precedence criterion 2 names both halves of its mechanism","status":"passed","title":"criterion 2 names both halves of its mechanism","duration":0.8420249999999783,"failureMessages":[],"meta":{},"tags":[]},{"ancestorTitles":["T-0227 bake-off pre-registration — criteria, in strict precedence"],"fullName":"T-0227 bake-off pre-registration — criteria, in strict precedence criterion 3 names all four cost columns","status":"passed","title":"criterion 3 names all four cost columns","duration":0.9887630000000058,"failureMessages":[],"meta":{},"tags":[]},{"ancestorTitles":["T-0227 bake-off pre-registration — the decision rule and the tie-break"],"fullName":"T-0227 bake-off pre-registration — the decision rule and the tie-break arms failing criterion 1 are out","status":"passed","title":"arms failing criterion 1 are out","duration":0.8979889999999955,"failureMessages":[],"meta":{},"tags":[]},{"ancestorTitles":["T-0227 bake-off pre-registration — the decision rule and the tie-break"],"fullName":"T-0227 bake-off pre-registration — the decision rule and the tie-break among the passers, lowest cost wins","status":"passed","title":"among the passers, lowest cost wins","duration":0.7644769999999994,"failureMessages":[],"meta":{},"tags":[]},{"ancestorTitles":["T-0227 bake-off pre-registration — the decision rule and the tie-break"],"fullName":"T-0227 bake-off pre-registration — the decision rule and the tie-break a tie resolves to the script — Arm C","status":"passed","title":"a tie resolves to the script — Arm C","duration":0.897894000000008,"failureMessages":[],"meta":{},"tags":[]},{"ancestorTitles":["T-0227 bake-off pre-registration — attempt cap"],"fullName":"T-0227 bake-off pre-registration — attempt cap caps attempts at 8 per arm","status":"passed","title":"caps attempts at 8 per arm","duration":0.7005139999999983,"failureMessages":[],"meta":{},"tags":[]},{"ancestorTitles":["T-0227 bake-off pre-registration — attempt cap"],"fullName":"T-0227 bake-off pre-registration — attempt cap reads exhausting the cap as a criterion-3 failure, not a null result","status":"passed","title":"reads exhausting the cap as a criterion-3 failure, not a null result","duration":0.9745130000000017,"failureMessages":[],"meta":{},"tags":[]},{"ancestorTitles":["T-0227 bake-off cost-recording template"],"fullName":"T-0227 bake-off cost-recording template is committed at docs/decisions/T-0227-bakeoff-cost-record-template.md","status":"passed","title":"is committed at docs/decisions/T-0227-bakeoff-cost-record-template.md","duration":0.24047400000000607,"failureMessages":[],"meta":{},"tags":[]},{"ancestorTitles":["T-0227 bake-off cost-recording template"],"fullName":"T-0227 bake-off cost-recording template is referenced from DL-21, so rule and template cannot drift apart","status":"passed","title":"is referenced from DL-21, so rule and template cannot drift apart","duration":3.3246599999999944,"failureMessages":[],"meta":{},"tags":[]},{"ancestorTitles":["T-0227 bake-off cost-recording template"],"fullName":"T-0227 bake-off cost-recording template names the same four cost columns criterion 3 names","status":"passed","title":"names the same four cost columns criterion 3 names","duration":0.39524000000000115,"failureMessages":[],"meta":{},"tags":[]},{"ancestorTitles":["T-0227 bake-off cost-recording template"],"fullName":"T-0227 bake-off cost-recording template carries a row for each of the three arms so §23-g's table is comparable by construction","status":"passed","title":"carries a row for each of the three arms so §23-g's table is comparable by construction","duration":0.2093540000000189,"failureMessages":[],"meta":{},"tags":[]},{"ancestorTitles":["T-0227 bake-off cost-recording template"],"fullName":"T-0227 bake-off cost-recording template records the criterion-1 and criterion-2 verdicts alongside cost, so a cheap eliminated arm is never mistaken for the winner","status":"passed","title":"records the criterion-1 and criterion-2 verdicts alongside cost, so a cheap eliminated arm is never mistaken for the winner","duration":0.22628600000001597,"failureMessages":[],"meta":{},"tags":[]}],"startTime":1788281997473,"endTime":1788281997512.2263,"status":"passed","message":"","name":"/home/dennieseth/dev/assembled-board/worktrees/T-0276/tools/board/test/bakeoffPreregistration.test.js"},{"assertionResults":[{"ancestorTitles":["board server integration"],"fullName":"board server integration broadcasts over /ws/board when a task file is created externally","status":"failed","title":"broadcasts over /ws/board when a task file is created externally","duration":10052.382905,"failureMessages":["Error: STACK_TRACE_ERROR\n    at task (file:///home/dennieseth/dev/assembled-board/tools/board/node_modules/@vitest/runner/dist/chunk-artifact.js:1784:27)\n    at Object.<anonymous> (file:///home/dennieseth/dev/assembled-board/tools/board/node_modules/@vitest/runner/dist/chunk-artifact.js:1817:16)\n    at Object.<anonymous> (file:///home/dennieseth/dev/assembled-board/tools/board/node_modules/@vitest/runner/dist/chunk-artifact.js:1563:28)\n    at chain (file:///home/dennieseth/dev/assembled-board/tools/board/node_modules/@vitest/runner/dist/chunk-artifact.js:599:14)\n    at /home/dennieseth/dev/assembled-board/worktrees/T-0276/tools/board/test/boardServer.test.js:61:3\n    at file:///home/dennieseth/dev/assembled-board/tools/board/node_modules/@vitest/runner/dist/chunk-artifact.js:1889:40\n    at runWithSuite (file:///home/dennieseth/dev/assembled-board/tools/board/node_modules/@vitest/runner/dist/chunk-artifact.js:2258:8)\n    at Object.collect (file:///home/dennieseth/dev/assembled-board/tools/board/node_modules/@vitest/runner/dist/chunk-artifact.js:1889:10)\n    at Object.collect (file:///home/dennieseth/dev/assembled-board/tools/board/node_modules/@vitest/runner/dist/chunk-artifact.js:1893:54)\n    at processTicksAndRejections (node:internal/process/task_queues:95:5)"],"meta":{},"tags":[]},{"ancestorTitles":["board server integration"],"fullName":"board server integration broadcasts when an externally-created task is then edited on disk","status":"failed","title":"broadcasts when an externally-created task is then edited on disk","duration":10020.581879,"failureMessages":["Error: STACK_TRACE_ERROR\n    at task (file:///home/dennieseth/dev/assembled-board/tools/board/node_modules/@vitest/runner/dist/chunk-artifact.js:1784:27)\n    at Object.<anonymous> (file:///home/dennieseth/dev/assembled-board/tools/board/node_modules/@vitest/runner/dist/chunk-artifact.js:1817:16)\n    at Object.<anonymous> (file:///home/dennieseth/dev/assembled-board/tools/board/node_modules/@vitest/runner/dist/chunk-artifact.js:1563:28)\n    at chain (file:///home/dennieseth/dev/assembled-board/tools/board/node_modules/@vitest/runner/dist/chunk-artifact.js:599:14)\n    at /home/dennieseth/dev/assembled-board/worktrees/T-0276/tools/board/test/boardServer.test.js:76:3\n    at file:///home/dennieseth/dev/assembled-board/tools/board/node_modules/@vitest/runner/dist/chunk-artifact.js:1889:40\n    at runWithSuite (file:///home/dennieseth/dev/assembled-board/tools/board/node_modules/@vitest/runner/dist/chunk-artifact.js:2258:8)\n    at Object.collect (file:///home/dennieseth/dev/assembled-board/tools/board/node_modules/@vitest/runner/dist/chunk-artifact.js:1889:10)\n    at Object.collect (file:///home/dennieseth/dev/assembled-board/tools/board/node_modules/@vitest/runner/dist/chunk-artifact.js:1893:54)\n    at processTicksAndRejections (node:internal/process/task_queues:95:5)"],"meta":{},"tags":[]},{"ancestorTitles":["board server integration"],"fullName":"board server integration still serves the REST API on the same server","status":"failed","title":"still serves the REST API on the same server","duration":141.08881499999916,"failureMessages":["AssertionError: expected [ { id: 'T-0020', …(18) }, …(218) ] to deeply equal []\n    at /home/dennieseth/dev/assembled-board/worktrees/T-0276/tools/board/test/boardServer.test.js:97:30\n    at processTicksAndRejections (node:internal/process/task_queues:95:5)\n    at file:///home/dennieseth/dev/assembled-board/tools/board/node_modules/@vitest/runner/dist/chunk-artifact.js:1903:20"],"meta":{},"tags":[]},{"ancestorTitles":["board server integration"],"fullName":"board server integration refuses to start on any host other than 127.0.0.1","status":"passed","title":"refuses to start on any host other than 127.0.0.1","duration":11.805057000001398,"failureMessages":[],"meta":{},"tags":[]},{"ancestorTitles":["board server integration"],"fullName":"board server integration is bound to 127.0.0.1","status":"passed","title":"is bound to 127.0.0.1","duration":10.793935999998212,"failureMessages":[],"meta":{},"tags":[]},{"ancestorTitles":["board server integration"],"fullName":"board server integration logs and survives a TaskWatcher 'error' event instead of crashing on an unhandled rejection","status":"failed","title":"logs and survives a TaskWatcher 'error' event instead of crashing on an unhandled rejection","duration":12.929069999998319,"failureMessages":["TypeError: Cannot read properties of null (reading 'emit')\n    at /home/dennieseth/dev/assembled-board/worktrees/T-0276/tools/board/test/boardServer.test.js:115:19\n    at file:///home/dennieseth/dev/assembled-board/tools/board/node_modules/@vitest/runner/dist/chunk-artifact.js:302:11\n    at file:///home/dennieseth/dev/assembled-board/tools/board/node_modules/@vitest/runner/dist/chunk-artifact.js:1903:26\n    at file:///home/dennieseth/dev/assembled-board/tools/board/node_modules/@vitest/runner/dist/chunk-artifact.js:2326:20\n    at new Promise (<anonymous>)\n    at runWithCancel (file:///home/dennieseth/dev/assembled-board/tools/board/node_modules/@vitest/runner/dist/chunk-artifact.js:2323:10)\n    at file:///home/dennieseth/dev/assembled-board/tools/board/node_modules/@vitest/runner/dist/chunk-artifact.js:2305:20\n    at new Promise (<anonymous>)\n    at runWithTimeout (file:///home/dennieseth/dev/assembled-board/tools/board/node_modules/@vitest/runner/dist/chunk-artifact.js:2272:10)\n    at file:///home/dennieseth/dev/assembled-board/tools/board/node_modules/@vitest/runner/dist/chunk-artifact.js:2955:64"],"meta":{},"tags":[]},{"ancestorTitles":["board server task store selection (BOARD_TASK_STORE)"],"fullName":"board server task store selection (BOARD_TASK_STORE) defaults to FsTaskStore when unset -- Phase 1 of cards-to-database changes nothing live","status":"failed","title":"defaults to FsTaskStore when unset -- Phase 1 of cards-to-database changes nothing live","duration":12.059635999998136,"failureMessages":["AssertionError: expected DbTaskStore{ …(2) } to be an instance of FsTaskStore\n    at Proxy.<anonymous> (file:///home/dennieseth/dev/assembled-board/tools/board/node_modules/@vitest/expect/dist/index.js:1386:15)\n    at Proxy.<anonymous> (file:///home/dennieseth/dev/assembled-board/tools/board/node_modules/@vitest/expect/dist/index.js:1156:15)\n    at Proxy.methodWrapper (file:///home/dennieseth/dev/assembled-board/tools/board/node_modules/chai/index.js:1700:25)\n    at /home/dennieseth/dev/assembled-board/worktrees/T-0276/tools/board/test/boardServer.test.js:127:25\n    at file:///home/dennieseth/dev/assembled-board/tools/board/node_modules/@vitest/runner/dist/chunk-artifact.js:302:11\n    at file:///home/dennieseth/dev/assembled-board/tools/board/node_modules/@vitest/runner/dist/chunk-artifact.js:1903:26\n    at file:///home/dennieseth/dev/assembled-board/tools/board/node_modules/@vitest/runner/dist/chunk-artifact.js:2326:20\n    at new Promise (<anonymous>)\n    at runWithCancel (file:///home/dennieseth/dev/assembled-board/tools/board/node_modules/@vitest/runner/dist/chunk-artifact.js:2323:10)\n    at file:///home/dennieseth/dev/assembled-board/tools/board/node_modules/@vitest/runner/dist/chunk-artifact.js:2305:20"],"meta":{},"tags":[]},{"ancestorTitles":["board server task store selection (BOARD_TASK_STORE)"],"fullName":"board server task store selection (BOARD_TASK_STORE) uses FsTaskStore when taskStoreKind is explicitly 'fs'","status":"passed","title":"uses FsTaskStore when taskStoreKind is explicitly 'fs'","duration":18.781307000001107,"failureMessages":[],"meta":{},"tags":[]},{"ancestorTitles":["board server task store selection (BOARD_TASK_STORE)"],"fullName":"board server task store selection (BOARD_TASK_STORE) uses DbTaskStore when taskStoreKind is 'db', without touching FsTaskStore's tasksDir","status":"passed","title":"uses DbTaskStore when taskStoreKind is 'db', without touching FsTaskStore's tasksDir","duration":42.62064200000168,"failureMessages":[],"meta":{},"tags":[]},{"ancestorTitles":["board server task store selection (BOARD_TASK_STORE)"],"fullName":"board server task store selection (BOARD_TASK_STORE) does not start a TaskWatcher in db mode -- there is no tasks/*.md to watch","status":"passed","title":"does not start a TaskWatcher in db mode -- there is no tasks/*.md to watch","duration":36.31401900000128,"failureMessages":[],"meta":{},"tags":[]},{"ancestorTitles":["board server task store selection (BOARD_TASK_STORE)"],"fullName":"board server task store selection (BOARD_TASK_STORE) broadcasts a card write over /ws/board in db mode without any tasks/*.md file ever being written","status":"passed","title":"broadcasts a card write over /ws/board in db mode without any tasks/*.md file ever being written","duration":68.43008100000225,"failureMessages":[],"meta":{},"tags":[]},{"ancestorTitles":["board server task store selection (BOARD_TASK_STORE)"],"fullName":"board server task store selection (BOARD_TASK_STORE) rejects an unrecognized BOARD_TASK_STORE value","status":"passed","title":"rejects an unrecognized BOARD_TASK_STORE value","duration":9.429055000000517,"failureMessages":[],"meta":{},"tags":[]},{"ancestorTitles":["orphaned run recovery"],"fullName":"orphaned run recovery resets a card stranded at in-progress by a previous process on the next startup","status":"failed","title":"resets a card stranded at in-progress by a previous process on the next startup","duration":55.40741100000014,"failureMessages":["AssertionError: expected 'backlog' to be 'blocked' // Object.is equality\n    at /home/dennieseth/dev/assembled-board/worktrees/T-0276/tools/board/test/boardServer.test.js:269:27\n    at processTicksAndRejections (node:internal/process/task_queues:95:5)\n    at file:///home/dennieseth/dev/assembled-board/tools/board/node_modules/@vitest/runner/dist/chunk-artifact.js:1903:20"],"meta":{},"tags":[]},{"ancestorTitles":["orphaned run recovery"],"fullName":"orphaned run recovery leaves a card at review/done/backlog untouched on startup","status":"failed","title":"leaves a card at review/done/backlog untouched on startup","duration":55.43530400000236,"failureMessages":["TypeError: Cannot read properties of undefined (reading 'status')\n    at /home/dennieseth/dev/assembled-board/worktrees/T-0276/tools/board/test/boardServer.test.js:291:19\n    at processTicksAndRejections (node:internal/process/task_queues:95:5)\n    at file:///home/dennieseth/dev/assembled-board/tools/board/node_modules/@vitest/runner/dist/chunk-artifact.js:1903:20"],"meta":{},"tags":[]},{"ancestorTitles":["auto-pull poller wiring"],"fullName":"auto-pull poller wiring constructs an auto-pull poller wired to the orchestrator and restart coordinator, exposed on the returned board object","status":"passed","title":"constructs an auto-pull poller wired to the orchestrator and restart coordinator, exposed on the returned board object","duration":11.467623999997159,"failureMessages":[],"meta":{},"tags":[]},{"ancestorTitles":["auto-pull poller wiring"],"fullName":"auto-pull poller wiring stops the auto-pull poller's timer when the board server closes","status":"passed","title":"stops the auto-pull poller's timer when the board server closes","duration":10.51991800000178,"failureMessages":[],"meta":{},"tags":[]},{"ancestorTitles":["auto-pull poller wiring"],"fullName":"auto-pull poller wiring is disabled end-to-end when BOARD_AUTOPULL is set to a disable value","status":"passed","title":"is disabled end-to-end when BOARD_AUTOPULL is set to a disable value","duration":21.45867999999973,"failureMessages":[],"meta":{},"tags":[]},{"ancestorTitles":["auto-launch poller wiring"],"fullName":"auto-launch poller wiring constructs an auto-launch poller exposed on the returned board object","status":"passed","title":"constructs an auto-launch poller exposed on the returned board object","duration":9.496192999999039,"failureMessages":[],"meta":{},"tags":[]},{"ancestorTitles":["auto-launch poller wiring"],"fullName":"auto-launch poller wiring is OFF by default, so merging and deploying the code cannot switch it on","status":"passed","title":"is OFF by default, so merging and deploying the code cannot switch it on","duration":9.960773000002519,"failureMessages":[],"meta":{},"tags":[]},{"ancestorTitles":["auto-launch poller wiring"],"fullName":"auto-launch poller wiring stops the auto-launch poller's timer when the board server closes","status":"passed","title":"stops the auto-launch poller's timer when the board server closes","duration":10.93424099999902,"failureMessages":[],"meta":{},"tags":[]},{"ancestorTitles":["auto-launch poller wiring"],"fullName":"auto-launch poller wiring is enabled end-to-end when AUTO_LAUNCH_ENABLED is set, and its tick finds nothing to launch on an empty board","status":"passed","title":"is enabled end-to-end when AUTO_LAUNCH_ENABLED is set, and its tick finds nothing to launch on an empty board","duration":21.12984900000083,"failureMessages":[],"meta":{},"tags":[]},{"ancestorTitles":["pty terminal integration"],"fullName":"pty terminal integration serves a working shell over /ws/pty on the same server","status":"passed","title":"serves a working shell over /ws/pty on the same server","duration":215.904219,"failureMessages":[],"meta":{},"tags":[]}],"startTime":1788281993356,"endTime":1788282014215.9043,"status":"failed","message":"","name":"/home/dennieseth/dev/assembled-board/worktrees/T-0276/tools/board/test/boardServer.test.js"},{"assertionResults":[{"ancestorTitles":["checkDeliverable.js in a child process spawned with only the ClaudeCliRunner-allowlisted env"],"fullName":"checkDeliverable.js in a child process spawned with only the ClaudeCliRunner-allowlisted env resolves DB-mode attachments (not fs) when BOARD_TASK_STORE/BOARD_DB_PATH are in the allowlist","status":"passed","title":"resolves DB-mode attachments (not fs) when BOARD_TASK_STORE/BOARD_DB_PATH are in the allowlist","duration":299.90038200000004,"failureMessages":[],"meta":{},"tags":[]},{"ancestorTitles":["checkDeliverable.js in a child process spawned with only the ClaudeCliRunner-allowlisted env"],"fullName":"checkDeliverable.js in a child process spawned with only the ClaudeCliRunner-allowlisted env regression guard: without BOARD_TASK_STORE passed through, the child silently falls back to fs mode and fails to find the db-mode-only card -- the exact bug this fix closes","status":"passed","title":"regression guard: without BOARD_TASK_STORE passed through, the child silently falls back to fs mode and fails to find the db-mode-only card -- the exact bug this fix closes","duration":250.76883699999996,"failureMessages":[],"meta":{},"tags":[]}],"startTime":1788281996016,"endTime":1788281996566.7688,"status":"passed","message":"","name":"/home/dennieseth/dev/assembled-board/worktrees/T-0276/tools/board/test/checkDeliverable.childEnv.test.js"},{"assertionResults":[{"ancestorTitles":["backupDb"],"fullName":"backupDb produces a file at the destination path","status":"passed","title":"produces a file at the destination path","duration":145.82414699999998,"failureMessages":[],"meta":{},"tags":[]},{"ancestorTitles":["backupDb"],"fullName":"backupDb captures data written before the backup, including WAL-only (not yet checkpointed) writes","status":"passed","title":"captures data written before the backup, including WAL-only (not yet checkpointed) writes","duration":180.42975499999994,"failureMessages":[],"meta":{},"tags":[]},{"ancestorTitles":["backupDb"],"fullName":"backupDb the produced backup is a fully independent, restorable copy usable by DbTaskStore","status":"passed","title":"the produced backup is a fully independent, restorable copy usable by DbTaskStore","duration":167.3353669999999,"failureMessages":[],"meta":{},"tags":[]},{"ancestorTitles":["backupDb"],"fullName":"backupDb never mutates the live database it's backing up","status":"passed","title":"never mutates the live database it's backing up","duration":207.17499699999996,"failureMessages":[],"meta":{},"tags":[]}],"startTime":1788281994970,"endTime":1788281995671.175,"status":"passed","message":"","name":"/home/dennieseth/dev/assembled-board/worktrees/T-0276/tools/board/test/dbBackup.test.js"},{"assertionResults":[{"ancestorTitles":["openDb"],"fullName":"openDb creates the parent directory for the db file if it doesn't exist","status":"passed","title":"creates the parent directory for the db file if it doesn't exist","duration":119.45452999999998,"failureMessages":[],"meta":{},"tags":[]},{"ancestorTitles":["openDb"],"fullName":"openDb enables WAL journal mode","status":"passed","title":"enables WAL journal mode","duration":114.11812999999995,"failureMessages":[],"meta":{},"tags":[]},{"ancestorTitles":["openDb"],"fullName":"openDb sets synchronous = FULL for maximum durability","status":"passed","title":"sets synchronous = FULL for maximum durability","duration":103.91017499999998,"failureMessages":[],"meta":{},"tags":[]},{"ancestorTitles":["openDb"],"fullName":"openDb enables foreign key enforcement","status":"passed","title":"enables foreign key enforcement","duration":127.38918799999999,"failureMessages":[],"meta":{},"tags":[]},{"ancestorTitles":["openDb"],"fullName":"openDb sets a non-zero busy_timeout so concurrent access waits instead of failing immediately","status":"passed","title":"sets a non-zero busy_timeout so concurrent access waits instead of failing immediately","duration":114.46746700000006,"failureMessages":[],"meta":{},"tags":[]},{"ancestorTitles":["openDb"],"fullName":"openDb runs migrations so the schema is ready to use immediately","status":"passed","title":"runs migrations so the schema is ready to use immediately","duration":131.10777399999995,"failureMessages":[],"meta":{},"tags":[]},{"ancestorTitles":["openDb"],"fullName":"openDb foreign key enforcement actually rejects an orphaned child row","status":"passed","title":"foreign key enforcement actually rejects an orphaned child row","duration":115.04847900000004,"failureMessages":[],"meta":{},"tags":[]},{"ancestorTitles":["openDb"],"fullName":"openDb exports a default db path under ~/.local/share/assembled-board","status":"passed","title":"exports a default db path under ~/.local/share/assembled-board","duration":2.9154389999998784,"failureMessages":[],"meta":{},"tags":[]}],"startTime":1788281994874,"endTime":1788281995702.9155,"status":"passed","message":"","name":"/home/dennieseth/dev/assembled-board/worktrees/T-0276/tools/board/test/dbConnection.test.js"},{"assertionResults":[{"ancestorTitles":["runMigrations"],"fullName":"runMigrations applies every .sql file in the migrations dir and creates the target tables","status":"passed","title":"applies every .sql file in the migrations dir and creates the target tables","duration":120.23707100000001,"failureMessages":[],"meta":{},"tags":[]},{"ancestorTitles":["runMigrations"],"fullName":"runMigrations seeds a single id_allocator row at next_seq = 0","status":"passed","title":"seeds a single id_allocator row at next_seq = 0","duration":166.2165080000001,"failureMessages":[],"meta":{},"tags":[]},{"ancestorTitles":["runMigrations"],"fullName":"runMigrations is idempotent -- running twice does not re-apply or error","status":"passed","title":"is idempotent -- running twice does not re-apply or error","duration":161.05179499999997,"failureMessages":[],"meta":{},"tags":[]},{"ancestorTitles":["runMigrations"],"fullName":"runMigrations records each applied migration file in schema_migrations","status":"passed","title":"records each applied migration file in schema_migrations","duration":181.9823459999999,"failureMessages":[],"meta":{},"tags":[]},{"ancestorTitles":["0002_add_generic_agent.sql"],"fullName":"0002_add_generic_agent.sql accepts 'generic' as a legal agent value after the rebuild","status":"passed","title":"accepts 'generic' as a legal agent value after the rebuild","duration":202.32080900000005,"failureMessages":[],"meta":{},"tags":[]},{"ancestorTitles":["0002_add_generic_agent.sql"],"fullName":"0002_add_generic_agent.sql still accepts a null agent after the rebuild","status":"passed","title":"still accepts a null agent after the rebuild","duration":177.90771599999994,"failureMessages":[],"meta":{},"tags":[]},{"ancestorTitles":["0002_add_generic_agent.sql"],"fullName":"0002_add_generic_agent.sql still rejects an unrecognized agent value after the rebuild","status":"passed","title":"still rejects an unrecognized agent value after the rebuild","duration":162.58687499999996,"failureMessages":[],"meta":{},"tags":[]},{"ancestorTitles":["0002_add_generic_agent.sql"],"fullName":"0002_add_generic_agent.sql preserves existing rows -- including dependent task_dependencies/comments/attachments rows -- when 0002 is applied to a db that already has 0001-era data (the real upgrade path)","status":"passed","title":"preserves existing rows -- including dependent task_dependencies/comments/attachments rows -- when 0002 is applied to a db that already has 0001-era data (the real upgrade path)","duration":422.82253700000024,"failureMessages":[],"meta":{},"tags":[]}],"startTime":1788281992907,"endTime":1788281994503.8225,"status":"passed","message":"","name":"/home/dennieseth/dev/assembled-board/worktrees/T-0276/tools/board/test/dbMigrate.test.js"},{"assertionResults":[{"ancestorTitles":["DbTaskStore is a TaskStore"],"fullName":"DbTaskStore is a TaskStore is an instance of the abstract TaskStore","status":"passed","title":"is an instance of the abstract TaskStore","duration":104.98505799999998,"failureMessages":[],"meta":{},"tags":[]},{"ancestorTitles":["DbTaskStore CRUD"],"fullName":"DbTaskStore CRUD creates a task and reads it back","status":"passed","title":"creates a task and reads it back","duration":148.88057700000002,"failureMessages":[],"meta":{},"tags":[]},{"ancestorTitles":["DbTaskStore CRUD"],"fullName":"DbTaskStore CRUD get returns null for a missing id","status":"passed","title":"get returns null for a missing id","duration":98.9301529999999,"failureMessages":[],"meta":{},"tags":[]},{"ancestorTitles":["DbTaskStore CRUD"],"fullName":"DbTaskStore CRUD list returns all tasks sorted by id","status":"passed","title":"list returns all tasks sorted by id","duration":210.539399,"failureMessages":[],"meta":{},"tags":[]},{"ancestorTitles":["DbTaskStore CRUD"],"fullName":"DbTaskStore CRUD update merges partial fields and persists them","status":"passed","title":"update merges partial fields and persists them","duration":161.64095499999985,"failureMessages":[],"meta":{},"tags":[]},{"ancestorTitles":["DbTaskStore CRUD"],"fullName":"DbTaskStore CRUD update throws for a task that does not exist","status":"passed","title":"update throws for a task that does not exist","duration":106.00928699999986,"failureMessages":[],"meta":{},"tags":[]},{"ancestorTitles":["DbTaskStore CRUD"],"fullName":"DbTaskStore CRUD update rejects attempts to change the task id","status":"passed","title":"update rejects attempts to change the task id","duration":120.929709,"failureMessages":[],"meta":{},"tags":[]},{"ancestorTitles":["DbTaskStore CRUD"],"fullName":"DbTaskStore CRUD move updates only the status field","status":"passed","title":"move updates only the status field","duration":141.8062249999998,"failureMessages":[],"meta":{},"tags":[]},{"ancestorTitles":["DbTaskStore depends_on"],"fullName":"DbTaskStore depends_on persists depends_on and preserves array order","status":"passed","title":"persists depends_on and preserves array order","duration":148.4117859999999,"failureMessages":[],"meta":{},"tags":[]},{"ancestorTitles":["DbTaskStore depends_on"],"fullName":"DbTaskStore depends_on update replaces depends_on wholesale when the field is provided","status":"passed","title":"update replaces depends_on wholesale when the field is provided","duration":133.408367,"failureMessages":[],"meta":{},"tags":[]},{"ancestorTitles":["DbTaskStore comments"],"fullName":"DbTaskStore comments persists an appended comment and reads it back","status":"passed","title":"persists an appended comment and reads it back","duration":141.5612779999999,"failureMessages":[],"meta":{},"tags":[]},{"ancestorTitles":["DbTaskStore comments"],"fullName":"DbTaskStore comments survives an unrelated update -- a status/body write never clobbers existing comments","status":"passed","title":"survives an unrelated update -- a status/body write never clobbers existing comments","duration":126.84902299999976,"failureMessages":[],"meta":{},"tags":[]},{"ancestorTitles":["DbTaskStore comments"],"fullName":"DbTaskStore comments preserves comment order across multiple appends","status":"passed","title":"preserves comment order across multiple appends","duration":117.8406259999997,"failureMessages":[],"meta":{},"tags":[]},{"ancestorTitles":["DbTaskStore attachments"],"fullName":"DbTaskStore attachments persists an appended attachment and reads it back","status":"passed","title":"persists an appended attachment and reads it back","duration":109.47566899999993,"failureMessages":[],"meta":{},"tags":[]},{"ancestorTitles":["DbTaskStore attachments"],"fullName":"DbTaskStore attachments survives an unrelated update -- a status/body write never clobbers existing attachments","status":"passed","title":"survives an unrelated update -- a status/body write never clobbers existing attachments","duration":129.61215200000015,"failureMessages":[],"meta":{},"tags":[]},{"ancestorTitles":["DbTaskStore remove"],"fullName":"DbTaskStore remove deletes the task","status":"passed","title":"deletes the task","duration":127.56613800000014,"failureMessages":[],"meta":{},"tags":[]},{"ancestorTitles":["DbTaskStore remove"],"fullName":"DbTaskStore remove throws when removing a task that does not exist","status":"passed","title":"throws when removing a task that does not exist","duration":117.5377569999996,"failureMessages":[],"meta":{},"tags":[]},{"ancestorTitles":["DbTaskStore id collisions"],"fullName":"DbTaskStore id collisions rejects creating a task whose id already exists","status":"passed","title":"rejects creating a task whose id already exists","duration":129.12014,"failureMessages":[],"meta":{},"tags":[]},{"ancestorTitles":["DbTaskStore id collisions"],"fullName":"DbTaskStore id collisions leaves the original record untouched after a rejected collision","status":"passed","title":"leaves the original record untouched after a rejected collision","duration":131.04799999999977,"failureMessages":[],"meta":{},"tags":[]},{"ancestorTitles":["DbTaskStore interchangeability"],"fullName":"DbTaskStore interchangeability tolerates an optional trailing options object on create/update/move/remove","status":"passed","title":"tolerates an optional trailing options object on create/update/move/remove","duration":190.0957229999999,"failureMessages":[],"meta":{},"tags":[]},{"ancestorTitles":["DbTaskStore construction"],"fullName":"DbTaskStore construction accepts a db file path directly, opening it with durability pragmas + migrations applied","status":"passed","title":"accepts a db file path directly, opening it with durability pragmas + migrations applied","duration":209.0525459999999,"failureMessages":[],"meta":{},"tags":[]},{"ancestorTitles":["DbTaskStore card_events audit trail"],"fullName":"DbTaskStore card_events audit trail records a create event with the full set of task fields","status":"passed","title":"records a create event with the full set of task fields","duration":174.5344500000001,"failureMessages":[],"meta":{},"tags":[]},{"ancestorTitles":["DbTaskStore card_events audit trail"],"fullName":"DbTaskStore card_events audit trail records an update event listing only the changed field names","status":"passed","title":"records an update event listing only the changed field names","duration":228.92501399999992,"failureMessages":[],"meta":{},"tags":[]},{"ancestorTitles":["DbTaskStore card_events audit trail"],"fullName":"DbTaskStore card_events audit trail defaults actor to 'system' when not provided","status":"passed","title":"defaults actor to 'system' when not provided","duration":226.43025099999977,"failureMessages":[],"meta":{},"tags":[]},{"ancestorTitles":["DbTaskStore card_events audit trail"],"fullName":"DbTaskStore card_events audit trail records a move event as an update with only status changed","status":"passed","title":"records a move event as an update with only status changed","duration":182.3317739999993,"failureMessages":[],"meta":{},"tags":[]},{"ancestorTitles":["DbTaskStore card_events audit trail"],"fullName":"DbTaskStore card_events audit trail records a remove event and survives the task's own deletion (not FK'd to tasks)","status":"passed","title":"records a remove event and survives the task's own deletion (not FK'd to tasks)","duration":165.11778200000026,"failureMessages":[],"meta":{},"tags":[]},{"ancestorTitles":["DbTaskStore durability"],"fullName":"DbTaskStore durability opens its connection in WAL mode","status":"passed","title":"opens its connection in WAL mode","duration":160.80551899999955,"failureMessages":[],"meta":{},"tags":[]},{"ancestorTitles":["DbTaskStore durability"],"fullName":"DbTaskStore durability wraps a multi-table create in a single transaction -- a failure leaves nothing behind","status":"passed","title":"wraps a multi-table create in a single transaction -- a failure leaves nothing behind","duration":168.26021899999978,"failureMessages":[],"meta":{},"tags":[]}],"startTime":1788281992946,"endTime":1788281997160.2603,"status":"passed","message":"","name":"/home/dennieseth/dev/assembled-board/worktrees/T-0276/tools/board/test/dbTaskStore.test.js"},{"assertionResults":[{"ancestorTitles":["DL-21 and DL-22 are untouched by this card"],"fullName":"DL-21 and DL-22 are untouched by this card DL-21 still opens as the pre-registered decision rule","status":"passed","title":"DL-21 still opens as the pre-registered decision rule","duration":6.067079000000035,"failureMessages":[],"meta":{},"tags":[]},{"ancestorTitles":["DL-21 and DL-22 are untouched by this card"],"fullName":"DL-21 and DL-22 are untouched by this card DL-22 still opens PENDING and carries its original body untouched","status":"passed","title":"DL-22 still opens PENDING and carries its original body untouched","duration":1.6779430000000275,"failureMessages":[],"meta":{},"tags":[]},{"ancestorTitles":["a new DL entry records the override, under the next free number"],"fullName":"a new DL entry records the override, under the next free number is not DL-22 — T-0231 already used that number","status":"passed","title":"is not DL-22 — T-0231 already used that number","duration":1.7664929999999686,"failureMessages":[],"meta":{},"tags":[]},{"ancestorTitles":["a new DL entry records the override, under the next free number"],"fullName":"a new DL entry records the override, under the next free number states it carries the HANDOFF §24 'DL-22' handle","status":"passed","title":"states it carries the HANDOFF §24 'DL-22' handle","duration":1.4529289999999833,"failureMessages":[],"meta":{},"tags":[]},{"ancestorTitles":["a new DL entry records the override, under the next free number"],"fullName":"a new DL entry records the override, under the next free number names T-0253 as the resolving card","status":"passed","title":"names T-0253 as the resolving card","duration":1.2816930000000184,"failureMessages":[],"meta":{},"tags":[]},{"ancestorTitles":["the new entry records the override itself"],"fullName":"the new entry records the override itself states Arm C won mechanically under DL-21's rule","status":"passed","title":"states Arm C won mechanically under DL-21's rule","duration":1.2450100000000361,"failureMessages":[],"meta":{},"tags":[]},{"ancestorTitles":["the new entry records the override itself"],"fullName":"the new entry records the override itself states the override is on authorship grounds, by @DennieSeth","status":"passed","title":"states the override is on authorship grounds, by @DennieSeth","duration":1.2907560000000444,"failureMessages":[],"meta":{},"tags":[]},{"ancestorTitles":["the new entry records the override itself"],"fullName":"the new entry records the override itself demotes cost from a deciding criterion to a recorded one","status":"passed","title":"demotes cost from a deciding criterion to a recorded one","duration":1.3468310000000088,"failureMessages":[],"meta":{},"tags":[]},{"ancestorTitles":["the new entry records the override itself"],"fullName":"the new entry records the override itself sends round 2 after Arms A/B, with Arm C retained as benchmark and shipping fallback","status":"passed","title":"sends round 2 after Arms A/B, with Arm C retained as benchmark and shipping fallback","duration":1.723448000000019,"failureMessages":[],"meta":{},"tags":[]},{"ancestorTitles":["the new entry records each arm's round-1 numbers"],"fullName":"the new entry records each arm's round-1 numbers Arm A: 4/8 over the 0.30 cap, cross-row identity drift, green -> tan shift","status":"passed","title":"Arm A: 4/8 over the 0.30 cap, cross-row identity drift, green -> tan shift","duration":1.7138490000000388,"failureMessages":[],"meta":{},"tags":[]},{"ancestorTitles":["the new entry records each arm's round-1 numbers"],"fullName":"the new entry records each arm's round-1 numbers Arm B: 0.097-0.295, 7 of 8 attempts, 165.5 GPU-min","status":"passed","title":"Arm B: 0.097-0.295, 7 of 8 attempts, 165.5 GPU-min","duration":1.630392000000029,"failureMessages":[],"meta":{},"tags":[]},{"ancestorTitles":["the new entry records each arm's round-1 numbers"],"fullName":"the new entry records each arm's round-1 numbers Arm C: 0.072-0.112, 1 attempt, 0 GPU-min","status":"passed","title":"Arm C: 0.072-0.112, 1 attempt, 0 GPU-min","duration":1.427049000000011,"failureMessages":[],"meta":{},"tags":[]},{"ancestorTitles":["the new entry closes DL-22 and keeps DL-21's terms unchanged for round 2"],"fullName":"the new entry closes DL-22 and keeps DL-21's terms unchanged for round 2 states it closes DL-22's PENDING status","status":"passed","title":"states it closes DL-22's PENDING status","duration":4.822746999999993,"failureMessages":[],"meta":{},"tags":[]},{"ancestorTitles":["the new entry closes DL-22 and keeps DL-21's terms unchanged for round 2"],"fullName":"the new entry closes DL-22 and keeps DL-21's terms unchanged for round 2 states DL-21's criteria, the 0.30 cap and judging conditions are unchanged for round 2","status":"passed","title":"states DL-21's criteria, the 0.30 cap and judging conditions are unchanged for round 2","duration":3.7053129999999896,"failureMessages":[],"meta":{},"tags":[]},{"ancestorTitles":["the new entry closes DL-22 and keeps DL-21's terms unchanged for round 2"],"fullName":"the new entry closes DL-22 and keeps DL-21's terms unchanged for round 2 links the round-1 cards and BAKEOFF_DECISION_T0231.md","status":"passed","title":"links the round-1 cards and BAKEOFF_DECISION_T0231.md","duration":1.7690279999999916,"failureMessages":[],"meta":{},"tags":[]},{"ancestorTitles":["the new entry closes DL-22 and keeps DL-21's terms unchanged for round 2"],"fullName":"the new entry closes DL-22 and keeps DL-21's terms unchanged for round 2 links the round-2 card set","status":"passed","title":"links the round-2 card set","duration":1.3045999999999935,"failureMessages":[],"meta":{},"tags":[]},{"ancestorTitles":["the new entry closes DL-22 and keeps DL-21's terms unchanged for round 2"],"fullName":"the new entry closes DL-22 and keeps DL-21's terms unchanged for round 2 notes the 13-asset-pipeline.md §3.5 edit remains open, pending round 2","status":"passed","title":"notes the 13-asset-pipeline.md §3.5 edit remains open, pending round 2","duration":1.4505250000000274,"failureMessages":[],"meta":{},"tags":[]}],"startTime":1788281998291,"endTime":1788281998328.4504,"status":"passed","message":"","name":"/home/dennieseth/dev/assembled-board/worktrees/T-0276/tools/board/test/decisionLogDL23Override.test.js"},{"assertionResults":[{"ancestorTitles":["checkDeliverable"],"fullName":"checkDeliverable is not applicable for deliverable_type: 'code' (the default) -- always passes, nothing to check","status":"passed","title":"is not applicable for deliverable_type: 'code' (the default) -- always passes, nothing to check","duration":6.801152999999999,"failureMessages":[],"meta":{},"tags":[]},{"ancestorTitles":["checkDeliverable"],"fullName":"checkDeliverable is not applicable when deliverable_type is absent","status":"passed","title":"is not applicable when deliverable_type is absent","duration":1.1601069999999822,"failureMessages":[],"meta":{},"tags":[]},{"ancestorTitles":["checkDeliverable"],"fullName":"checkDeliverable is not applicable when task itself is missing","status":"passed","title":"is not applicable when task itself is missing","duration":0.9558549999999855,"failureMessages":[],"meta":{},"tags":[]},{"ancestorTitles":["checkDeliverable"],"fullName":"checkDeliverable fails an artifact card with no attachments recorded -- the T-0136 failure mode","status":"passed","title":"fails an artifact card with no attachments recorded -- the T-0136 failure mode","duration":1.7966520000000514,"failureMessages":[],"meta":{},"tags":[]},{"ancestorTitle
[...]
.g. tasksomething/) for tasks/**","status":"passed","title":"does not mistake a tasks-prefixed-but-different path (e.g. tasksomething/) for tasks/**","duration":0.4359380000000215,"failureMessages":[],"meta":{},"tags":[]},{"ancestorTitles":["resolveVerifyRoutes"],"fullName":"resolveVerifyRoutes routes a Python package diff to a python-verify step for that package","status":"passed","title":"routes a Python package diff to a python-verify step for that package","duration":0.6418770000000222,"failureMessages":[],"meta":{},"tags":[]},{"ancestorTitles":["resolveVerifyRoutes"],"fullName":"resolveVerifyRoutes routes each known Python package root to its own python-verify step","status":"passed","title":"routes each known Python package root to its own python-verify step","duration":1.4621230000000196,"failureMessages":[],"meta":{},"tags":[]},{"ancestorTitles":["resolveVerifyRoutes"],"fullName":"resolveVerifyRoutes routes an assets/src/character/** diff to python-verify -- T-0264's package, missing from PYTHON_PACKAGE_ROOTS so no route fired on a character-package diff","status":"passed","title":"routes an assets/src/character/** diff to python-verify -- T-0264's package, missing from PYTHON_PACKAGE_ROOTS so no route fired on a character-package diff","duration":0.5912019999999529,"failureMessages":[],"meta":{},"tags":[]},{"ancestorTitles":["resolveVerifyRoutes"],"fullName":"resolveVerifyRoutes routes an assets/src/ambience_synth/** diff to python-verify -- T-0202's package, added after three consecutive runs blocked on a missing reviewer grant","status":"passed","title":"routes an assets/src/ambience_synth/** diff to python-verify -- T-0202's package, added after three consecutive runs blocked on a missing reviewer grant","duration":0.9131900000000428,"failureMessages":[],"meta":{},"tags":[]},{"ancestorTitles":["resolveVerifyRoutes"],"fullName":"resolveVerifyRoutes routes an assets/src/lora/** diff to python-verify -- T-0072's package, added after it blocked on a missing reviewer grant","status":"passed","title":"routes an assets/src/lora/** diff to python-verify -- T-0072's package, added after it blocked on a missing reviewer grant","duration":0.7949959999999692,"failureMessages":[],"meta":{},"tags":[]},{"ancestorTitles":["resolveVerifyRoutes"],"fullName":"resolveVerifyRoutes routes a diff touching two Python packages to a python-verify step per package","status":"passed","title":"routes a diff touching two Python packages to a python-verify step per package","duration":0.48535799999996243,"failureMessages":[],"meta":{},"tags":[]},{"ancestorTitles":["resolveVerifyRoutes"],"fullName":"resolveVerifyRoutes routes a diff touching a Python package and tools/board/** to both python-verify and board-suite","status":"passed","title":"routes a diff touching a Python package and tools/board/** to both python-verify and board-suite","duration":0.3472189999999955,"failureMessages":[],"meta":{},"tags":[]},{"ancestorTitles":["resolveVerifyRoutes"],"fullName":"resolveVerifyRoutes does not route a single Python package's diff more than once for multiple changed files","status":"passed","title":"does not route a single Python package's diff more than once for multiple changed files","duration":0.2577840000000151,"failureMessages":[],"meta":{},"tags":[]},{"ancestorTitles":["resolveVerifyRoutes"],"fullName":"resolveVerifyRoutes does not route the vendored godot-cpp submodule's pyproject.toml as a repo-owned Python package","status":"passed","title":"does not route the vendored godot-cpp submodule's pyproject.toml as a repo-owned Python package","duration":0.21377499999999827,"failureMessages":[],"meta":{},"tags":[]},{"ancestorTitles":["resolveVerifyRoutes"],"fullName":"resolveVerifyRoutes does not mistake a python-package-prefixed-but-different path for a real match","status":"passed","title":"does not mistake a python-package-prefixed-but-different path for a real match","duration":0.4082769999999982,"failureMessages":[],"meta":{},"tags":[]},{"ancestorTitles":["resolveVerifyRoutes"],"fullName":"resolveVerifyRoutes leaves a non-Python diff (e.g. server/**) unaffected by python-verify routing -- routes to server-db-verify only","status":"passed","title":"leaves a non-Python diff (e.g. server/**) unaffected by python-verify routing -- routes to server-db-verify only","duration":0.30327699999998003,"failureMessages":[],"meta":{},"tags":[]},{"ancestorTitles":["resolveVerifyRoutes -- server-db-verify"],"fullName":"resolveVerifyRoutes -- server-db-verify routes a server/** diff to server-db-verify","status":"passed","title":"routes a server/** diff to server-db-verify","duration":0.3471540000000459,"failureMessages":[],"meta":{},"tags":[]},{"ancestorTitles":["resolveVerifyRoutes -- server-db-verify"],"fullName":"resolveVerifyRoutes -- server-db-verify routes a shared/** diff to server-db-verify too -- shared/ is co-owned wire structs server/** depends on","status":"passed","title":"routes a shared/** diff to server-db-verify too -- shared/ is co-owned wire structs server/** depends on","duration":0.3755610000000047,"failureMessages":[],"meta":{},"tags":[]},{"ancestorTitles":["resolveVerifyRoutes -- server-db-verify"],"fullName":"resolveVerifyRoutes -- server-db-verify does not route a client/** diff to server-db-verify","status":"passed","title":"does not route a client/** diff to server-db-verify","duration":0.2417469999999753,"failureMessages":[],"meta":{},"tags":[]},{"ancestorTitles":["resolveVerifyRoutes -- server-db-verify"],"fullName":"resolveVerifyRoutes -- server-db-verify does not mistake a server-prefixed-but-different path (e.g. serverless/) for server/**","status":"passed","title":"does not mistake a server-prefixed-but-different path (e.g. serverless/) for server/**","duration":0.22944999999998572,"failureMessages":[],"meta":{},"tags":[]},{"ancestorTitles":["resolveVerifyRoutes -- server-db-verify"],"fullName":"resolveVerifyRoutes -- server-db-verify routes each of server/** and shared/** to the same single server-db-verify step, not one per prefix","status":"passed","title":"routes each of server/** and shared/** to the same single server-db-verify step, not one per prefix","duration":0.2959119999999871,"failureMessages":[],"meta":{},"tags":[]},{"ancestorTitles":["resolveVerifyRoutes -- server-db-verify"],"fullName":"resolveVerifyRoutes -- server-db-verify brings up the compose Postgres, exports the documented dev DATABASE_URL, forces a from-scratch build, and runs ctest","status":"passed","title":"brings up the compose Postgres, exports the documented dev DATABASE_URL, forces a from-scratch build, and runs ctest","duration":0.613316999999995,"failureMessages":[],"meta":{},"tags":[]},{"ancestorTitles":["resolveVerifyRoutes -- server-db-verify"],"fullName":"resolveVerifyRoutes -- server-db-verify checks ctest's registered test list for all three DB-gated test names before trusting the real run -- the fail-closed guard","status":"passed","title":"checks ctest's registered test list for all three DB-gated test names before trusting the real run -- the fail-closed guard","duration":2.523945000000026,"failureMessages":[],"meta":{},"tags":[]},{"ancestorTitles":["resolveVerifyRoutes -- server-db-verify"],"fullName":"resolveVerifyRoutes -- server-db-verify routes a diff touching server/** and a Python package to both server-db-verify and python-verify","status":"passed","title":"routes a diff touching server/** and a Python package to both server-db-verify and python-verify","duration":0.46003899999999476,"failureMessages":[],"meta":{},"tags":[]},{"ancestorTitles":["resolveVerifyRoutes -- server-db-verify"],"fullName":"resolveVerifyRoutes -- server-db-verify routes a diff touching server/** and tools/board/** to both server-db-verify and board-suite","status":"passed","title":"routes a diff touching server/** and tools/board/** to both server-db-verify and board-suite","duration":0.36824699999999666,"failureMessages":[],"meta":{},"tags":[]},{"ancestorTitles":["resolveVerifyRoutes -- client-godot-verify (T-0185: hung headless Godot tests)"],"fullName":"resolveVerifyRoutes -- client-godot-verify (T-0185: hung headless Godot tests) routes a changed client/tests/*.gd file to a timeout-wrapped godot --headless run of that test","status":"passed","title":"routes a changed client/tests/*.gd file to a timeout-wrapped godot --headless run of that test","duration":0.5873139999999921,"failureMessages":[],"meta":{},"tags":[]},{"ancestorTitles":["resolveVerifyRoutes -- client-godot-verify (T-0185: hung headless Godot tests)"],"fullName":"resolveVerifyRoutes -- client-godot-verify (T-0185: hung headless Godot tests) a hung test script (never calls get_tree().quit()) is bounded by `timeout`, not left to hang the reviewer forever","status":"passed","title":"a hung test script (never calls get_tree().quit()) is bounded by `timeout`, not left to hang the reviewer forever","duration":0.3591109999999844,"failureMessages":[],"meta":{},"tags":[]},{"ancestorTitles":["resolveVerifyRoutes -- client-godot-verify (T-0185: hung headless Godot tests)"],"fullName":"resolveVerifyRoutes -- client-godot-verify (T-0185: hung headless Godot tests) routes each changed client/tests/*.gd file to its own route -- a diff can touch more than one test","status":"passed","title":"routes each changed client/tests/*.gd file to its own route -- a diff can touch more than one test","duration":13.678902999999991,"failureMessages":[],"meta":{},"tags":[]},{"ancestorTitles":["resolveVerifyRoutes -- client-godot-verify (T-0185: hung headless Godot tests)"],"fullName":"resolveVerifyRoutes -- client-godot-verify (T-0185: hung headless Godot tests) does not route a non-test client/** file (e.g. a scene script) -- no way to know which test(s) cover it","status":"passed","title":"does not route a non-test client/** file (e.g. a scene script) -- no way to know which test(s) cover it","duration":0.40463599999998223,"failureMessages":[],"meta":{},"tags":[]},{"ancestorTitles":["resolveVerifyRoutes -- client-godot-verify (T-0185: hung headless Godot tests)"],"fullName":"resolveVerifyRoutes -- client-godot-verify (T-0185: hung headless Godot tests) does not route client/**/*.cpp (GDExtension C++) -- that's scons + clang-format, unrelated to headless Godot test hangs","status":"passed","title":"does not route client/**/*.cpp (GDExtension C++) -- that's scons + clang-format, unrelated to headless Godot test hangs","duration":0.24349599999999327,"failureMessages":[],"meta":{},"tags":[]},{"ancestorTitles":["resolveVerifyRoutes -- client-godot-verify (T-0185: hung headless Godot tests)"],"fullName":"resolveVerifyRoutes -- client-godot-verify (T-0185: hung headless Godot tests) does not mistake a client/tests-prefixed-but-different path for a real test file","status":"passed","title":"does not mistake a client/tests-prefixed-but-different path for a real test file","duration":0.21039400000000796,"failureMessages":[],"meta":{},"tags":[]},{"ancestorTitles":["resolveVerifyRoutes -- client-godot-verify (T-0185: hung headless Godot tests)"],"fullName":"resolveVerifyRoutes -- client-godot-verify (T-0185: hung headless Godot tests) only routes .gd files under client/tests/, not .tscn/.tres fixtures alongside them","status":"passed","title":"only routes .gd files under client/tests/, not .tscn/.tres fixtures alongside them","duration":0.19205000000005157,"failureMessages":[],"meta":{},"tags":[]},{"ancestorTitles":["resolveDeliverableRoute -- task-driven, not diff-path-driven (T-0136 gap)"],"fullName":"resolveDeliverableRoute -- task-driven, not diff-path-driven (T-0136 gap) returns null when deliverable_type is 'code' (the default)","status":"passed","title":"returns null when deliverable_type is 'code' (the default)","duration":0.37674899999996114,"failureMessages":[],"meta":{},"tags":[]},{"ancestorTitles":["resolveDeliverableRoute -- task-driven, not diff-path-driven (T-0136 gap)"],"fullName":"resolveDeliverableRoute -- task-driven, not diff-path-driven (T-0136 gap) returns null when deliverable_type is absent","status":"passed","title":"returns null when deliverable_type is absent","duration":0.18565499999999702,"failureMessages":[],"meta":{},"tags":[]},{"ancestorTitles":["resolveDeliverableRoute -- task-driven, not diff-path-driven (T-0136 gap)"],"fullName":"resolveDeliverableRoute -- task-driven, not diff-path-driven (T-0136 gap) returns null when task is missing","status":"passed","title":"returns null when task is missing","duration":0.1393939999999816,"failureMessages":[],"meta":{},"tags":[]},{"ancestorTitles":["resolveDeliverableRoute -- task-driven, not diff-path-driven (T-0136 gap)"],"fullName":"resolveDeliverableRoute -- task-driven, not diff-path-driven (T-0136 gap) returns the deliverable check route for deliverable_type: 'artifact', naming the task id","status":"passed","title":"returns the deliverable check route for deliverable_type: 'artifact', naming the task id","duration":0.2556399999999712,"failureMessages":[],"meta":{},"tags":[]},{"ancestorTitles":["resolveDeliverableRoute -- diff-detected artifact backstop (T-0198/T-0209/T-0202 gap: real art/audio committed under deliverable_type: 'code')"],"fullName":"resolveDeliverableRoute -- diff-detected artifact backstop (T-0198/T-0209/T-0202 gap: real art/audio committed under deliverable_type: 'code') routes a code-deliverable card when the diff adds a PNG under assets/final/**","status":"passed","title":"routes a code-deliverable card when the diff adds a PNG under assets/final/**","duration":0.8266979999999648,"failureMessages":[],"meta":{},"tags":[]},{"ancestorTitles":["resolveDeliverableRoute -- diff-detected artifact backstop (T-0198/T-0209/T-0202 gap: real art/audio committed under deliverable_type: 'code')"],"fullName":"resolveDeliverableRoute -- diff-detected artifact backstop (T-0198/T-0209/T-0202 gap: real art/audio committed under deliverable_type: 'code') routes a code-deliverable card when the diff adds a concept sheet PNG under assets/src/concept/**","status":"passed","title":"routes a code-deliverable card when the diff adds a concept sheet PNG under assets/src/concept/**","duration":0.34292299999998477,"failureMessages":[],"meta":{},"tags":[]},{"ancestorTitles":["resolveDeliverableRoute -- diff-detected artifact backstop (T-0198/T-0209/T-0202 gap: real art/audio committed under deliverable_type: 'code')"],"fullName":"resolveDeliverableRoute -- diff-detected artifact backstop (T-0198/T-0209/T-0202 gap: real art/audio committed under deliverable_type: 'code') routes a code-deliverable card when the diff adds key art under assets/src/keyart/**","status":"passed","title":"routes a code-deliverable card when the diff adds key art under assets/src/keyart/**","duration":0.28145699999998897,"failureMessages":[],"meta":{},"tags":[]},{"ancestorTitles":["resolveDeliverableRoute -- diff-detected artifact backstop (T-0198/T-0209/T-0202 gap: real art/audio committed under deliverable_type: 'code')"],"fullName":"resolveDeliverableRoute -- diff-detected artifact backstop (T-0198/T-0209/T-0202 gap: real art/audio committed under deliverable_type: 'code') routes a code-deliverable card when the diff adds an ogg under assets/final/audio/**","status":"passed","title":"routes a code-deliverable card when the diff adds an ogg under assets/final/audio/**","duration":0.2078999999999951,"failureMessages":[],"meta":{},"tags":[]},{"ancestorTitles":["resolveDeliverableRoute -- diff-detected artifact backstop (T-0198/T-0209/T-0202 gap: real art/audio committed under deliverable_type: 'code')"],"fullName":"resolveDeliverableRoute -- diff-detected artifact backstop (T-0198/T-0209/T-0202 gap: real art/audio committed under deliverable_type: 'code') adds a --require-artifact flag to the command when routed only by the diff signal, not by deliverable_type","status":"passed","title":"adds a --require-artifact flag to the command when routed only by the diff signal, not by deliverable_type","duration":0.21529000000003862,"failureMessages":[],"meta":{},"tags":[]},{"ancestorTitles":["resolveDeliverableRoute -- diff-detected artifact backstop (T-0198/T-0209/T-0202 gap: real art/audio committed under deliverable_type: 'code')"],"fullName":"resolveDeliverableRoute -- diff-detected artifact backstop (T-0198/T-0209/T-0202 gap: real art/audio committed under deliverable_type: 'code') does NOT add --require-artifact when deliverable_type is already 'artifact' -- unchanged command shape","status":"passed","title":"does NOT add --require-artifact when deliverable_type is already 'artifact' -- unchanged command shape","duration":0.2826780000000326,"failureMessages":[],"meta":{},"tags":[]},{"ancestorTitles":["resolveDeliverableRoute -- diff-detected artifact backstop (T-0198/T-0209/T-0202 gap: real art/audio committed under deliverable_type: 'code')"],"fullName":"resolveDeliverableRoute -- diff-detected artifact backstop (T-0198/T-0209/T-0202 gap: real art/audio committed under deliverable_type: 'code') does not route a code-deliverable card for a non-artifact extension under assets/final/** (e.g. a workflow JSON or provenance doc)","status":"passed","title":"does not route a code-deliverable card for a non-artifact extension under assets/final/** (e.g. a workflow JSON or provenance doc)","duration":0.19569799999999304,"failureMessages":[],"meta":{},"tags":[]},{"ancestorTitles":["resolveDeliverableRoute -- diff-detected artifact backstop (T-0198/T-0209/T-0202 gap: real art/audio committed under deliverable_type: 'code')"],"fullName":"resolveDeliverableRoute -- diff-detected artifact backstop (T-0198/T-0209/T-0202 gap: real art/audio committed under deliverable_type: 'code') does not route a code-deliverable card for a Python/script change under assets/src/** outside concept/keyart (pure pipeline code)","status":"passed","title":"does not route a code-deliverable card for a Python/script change under assets/src/** outside concept/keyart (pure pipeline code)","duration":0.2088359999999625,"failureMessages":[],"meta":{},"tags":[]},{"ancestorTitles":["resolveDeliverableRoute -- diff-detected artifact backstop (T-0198/T-0209/T-0202 gap: real art/audio committed under deliverable_type: 'code')"],"fullName":"resolveDeliverableRoute -- diff-detected artifact backstop (T-0198/T-0209/T-0202 gap: real art/audio committed under deliverable_type: 'code') does not route a code-deliverable card whose diff is entirely outside assets/**","status":"passed","title":"does not route a code-deliverable card whose diff is entirely outside assets/**","duration":0.316820000000007,"failureMessages":[],"meta":{},"tags":[]},{"ancestorTitles":["resolveDeliverableRoute -- diff-detected artifact backstop (T-0198/T-0209/T-0202 gap: real art/audio committed under deliverable_type: 'code')"],"fullName":"resolveDeliverableRoute -- diff-detected artifact backstop (T-0198/T-0209/T-0202 gap: real art/audio committed under deliverable_type: 'code') still returns null for a code-deliverable card with no changedPaths given (default [])","status":"passed","title":"still returns null for a code-deliverable card with no changedPaths given (default [])","duration":0.1984380000000101,"failureMessages":[],"meta":{},"tags":[]}],"startTime":1788281998107,"endTime":1788281998149.317,"status":"passed","message":"","name":"/home/dennieseth/dev/assembled-board/worktrees/T-0276/tools/board/test/runner/verifyRouter.test.js"},{"assertionResults":[{"ancestorTitles":["board server entry point: last-resort crash guard"],"fullName":"board server entry point: last-resort crash guard installs uncaughtException/unhandledRejection handlers that log and never call process.exit","status":"passed","title":"installs uncaughtException/unhandledRejection handlers that log and never call process.exit","duration":32.229873,"failureMessages":[],"meta":{},"tags":[]}],"startTime":1788281997326,"endTime":1788281997358.23,"status":"passed","message":"","name":"/home/dennieseth/dev/assembled-board/worktrees/T-0276/tools/board/test/server/index.test.js"}]}