Start testing: Aug 08 23:59 CEST
----------------------------------------------------------
1/38 Testing: GET /health returns 200 with {"status":"ok"}
1/38 Test: GET /health returns 200 with {"status":"ok"}
Command: "/home/dennieseth/dev/assembled-board/worktrees/T-0045/server/build2/server_tests" "--test-case=GET /health returns 200 with {"status":"ok"}"
Directory: /home/dennieseth/dev/assembled-board/worktrees/T-0045/server/build2
"GET /health returns 200 with {"status":"ok"}" start time: Aug 08 23:59 CEST
Output:
----------------------------------------------------------
[doctest] doctest version is "2.4.11"
[doctest] run with "--help" for options
===============================================================================
[doctest] test cases: 1 | 1 passed | 0 failed | 21 skipped
[doctest] assertions: 6 | 6 passed | 0 failed |
[doctest] Status: SUCCESS!
<end of output>
Test time =   0.01 sec
----------------------------------------------------------
Test Passed.
"GET /health returns 200 with {"status":"ok"}" end time: Aug 08 23:59 CEST
"GET /health returns 200 with {"status":"ok"}" time elapsed: 00:00:00
----------------------------------------------------------

2/38 Testing: migrations apply against a live Postgres
2/38 Test: migrations apply against a live Postgres
Command: "/home/dennieseth/dev/assembled-board/worktrees/T-0045/server/build2/server_tests" "--test-case=migrations apply against a live Postgres"
Directory: /home/dennieseth/dev/assembled-board/worktrees/T-0045/server/build2
"migrations apply against a live Postgres" start time: Aug 08 23:59 CEST
Output:
----------------------------------------------------------
[doctest] doctest version is "2.4.11"
[doctest] run with "--help" for options
===============================================================================
[doctest] test cases: 1 | 1 passed | 0 failed | 21 skipped
[doctest] assertions: 0 | 0 passed | 0 failed |
[doctest] Status: SUCCESS!
<end of output>
Test time =   0.00 sec
----------------------------------------------------------
Test Passed.
"migrations apply against a live Postgres" end time: Aug 08 23:59 CEST
"migrations apply against a live Postgres" time elapsed: 00:00:00
----------------------------------------------------------

3/38 Testing: T-0043 header: word count matches design spec (02-notes-system.md §2)
3/38 Test: T-0043 header: word count matches design spec (02-notes-system.md §2)
Command: "/home/dennieseth/dev/assembled-board/worktrees/T-0045/server/build2/server_tests" "--test-case=T-0043 header: word count matches design spec (02-notes-system.md §2)"
Directory: /home/dennieseth/dev/assembled-board/worktrees/T-0045/server/build2
"T-0043 header: word count matches design spec (02-notes-system.md §2)" start time: Aug 08 23:59 CEST
Output:
----------------------------------------------------------
[doctest] doctest version is "2.4.11"
[doctest] run with "--help" for options
===============================================================================
[doctest] test cases: 1 | 1 passed | 0 failed | 21 skipped
[doctest] assertions: 1 | 1 passed | 0 failed |
[doctest] Status: SUCCESS!
<end of output>
Test time =   0.00 sec
----------------------------------------------------------
Test Passed.
"T-0043 header: word count matches design spec (02-notes-system.md §2)" end time: Aug 08 23:59 CEST
"T-0043 header: word count matches design spec (02-notes-system.md §2)" time elapsed: 00:00:00
----------------------------------------------------------

4/38 Testing: T-0043 header: template count matches design spec
4/38 Test: T-0043 header: template count matches design spec
Command: "/home/dennieseth/dev/assembled-board/worktrees/T-0045/server/build2/server_tests" "--test-case=T-0043 header: template count matches design spec"
Directory: /home/dennieseth/dev/assembled-board/worktrees/T-0045/server/build2
"T-0043 header: template count matches design spec" start time: Aug 08 23:59 CEST
Output:
----------------------------------------------------------
[doctest] doctest version is "2.4.11"
[doctest] run with "--help" for options
===============================================================================
[doctest] test cases: 1 | 1 passed | 0 failed | 21 skipped
[doctest] assertions: 1 | 1 passed | 0 failed |
[doctest] Status: SUCCESS!
<end of output>
Test time =   0.00 sec
----------------------------------------------------------
Test Passed.
"T-0043 header: template count matches design spec" end time: Aug 08 23:59 CEST
"T-0043 header: template count matches design spec" time elapsed: 00:00:00
----------------------------------------------------------

5/38 Testing: T-0043 header: archetype count
5/38 Test: T-0043 header: archetype count
Command: "/home/dennieseth/dev/assembled-board/worktrees/T-0045/server/build2/server_tests" "--test-case=T-0043 header: archetype count"
Directory: /home/dennieseth/dev/assembled-board/worktrees/T-0045/server/build2
"T-0043 header: archetype count" start time: Aug 08 23:59 CEST
Output:
----------------------------------------------------------
[doctest] doctest version is "2.4.11"
[doctest] run with "--help" for options
===============================================================================
[doctest] test cases: 1 | 1 passed | 0 failed | 21 skipped
[doctest] assertions: 1 | 1 passed | 0 failed |
[doctest] Status: SUCCESS!
<end of output>
Test time =   0.01 sec
----------------------------------------------------------
Test Passed.
"T-0043 header: archetype count" end time: Aug 08 23:59 CEST
"T-0043 header: archetype count" time elapsed: 00:00:00
----------------------------------------------------------

6/38 Testing: T-0043 header: anchor_tag count
6/38 Test: T-0043 header: anchor_tag count
Command: "/home/dennieseth/dev/assembled-board/worktrees/T-0045/server/build2/server_tests" "--test-case=T-0043 header: anchor_tag count"
Directory: /home/dennieseth/dev/assembled-board/worktrees/T-0045/server/build2
"T-0043 header: anchor_tag count" start time: Aug 08 23:59 CEST
Output:
----------------------------------------------------------
[doctest] doctest version is "2.4.11"
[doctest] run with "--help" for options
===============================================================================
[doctest] test cases: 1 | 1 passed | 0 failed | 21 skipped
[doctest] assertions: 1 | 1 passed | 0 failed |
[doctest] Status: SUCCESS!
<end of output>
Test time =   0.01 sec
----------------------------------------------------------
Test Passed.
"T-0043 header: anchor_tag count" end time: Aug 08 23:59 CEST
"T-0043 header: anchor_tag count" time elapsed: 00:00:00
----------------------------------------------------------

7/38 Testing: T-0043 header: word category distribution (02-notes-system.md §2)
7/38 Test: T-0043 header: word category distribution (02-notes-system.md §2)
Command: "/home/dennieseth/dev/assembled-board/worktrees/T-0045/server/build2/server_tests" "--test-case=T-0043 header: word category distribution (02-notes-system.md §2)"
Directory: /home/dennieseth/dev/assembled-board/worktrees/T-0045/server/build2
"T-0043 header: word category distribution (02-notes-system.md §2)" start time: Aug 08 23:59 CEST
Output:
----------------------------------------------------------
[doctest] doctest version is "2.4.11"
[doctest] run with "--help" for options
===============================================================================
[doctest] test cases:   1 |   1 passed | 0 failed | 21 skipped
[doctest] assertions: 117 | 117 passed | 0 failed |
[doctest] Status: SUCCESS!
<end of output>
Test time =   0.01 sec
----------------------------------------------------------
Test Passed.
"T-0043 header: word category distribution (02-notes-system.md §2)" end time: Aug 08 23:59 CEST
"T-0043 header: word category distribution (02-notes-system.md §2)" time elapsed: 00:00:00
----------------------------------------------------------

8/38 Testing: T-0043 header: word IDs are unique
8/38 Test: T-0043 header: word IDs are unique
Command: "/home/dennieseth/dev/assembled-board/worktrees/T-0045/server/build2/server_tests" "--test-case=T-0043 header: word IDs are unique"
Directory: /home/dennieseth/dev/assembled-board/worktrees/T-0045/server/build2
"T-0043 header: word IDs are unique" start time: Aug 08 23:59 CEST
Output:
----------------------------------------------------------
[doctest] doctest version is "2.4.11"
[doctest] run with "--help" for options
===============================================================================
[doctest] test cases:  1 |  1 passed | 0 failed | 21 skipped
[doctest] assertions: 56 | 56 passed | 0 failed |
[doctest] Status: SUCCESS!
<end of output>
Test time =   0.00 sec
----------------------------------------------------------
Test Passed.
"T-0043 header: word IDs are unique" end time: Aug 08 23:59 CEST
"T-0043 header: word IDs are unique" time elapsed: 00:00:00
----------------------------------------------------------

9/38 Testing: T-0043 header: template IDs are unique
9/38 Test: T-0043 header: template IDs are unique
Command: "/home/dennieseth/dev/assembled-board/worktrees/T-0045/server/build2/server_tests" "--test-case=T-0043 header: template IDs are unique"
Directory: /home/dennieseth/dev/assembled-board/worktrees/T-0045/server/build2
"T-0043 header: template IDs are unique" start time: Aug 08 23:59 CEST
Output:
----------------------------------------------------------
[doctest] doctest version is "2.4.11"
[doctest] run with "--help" for options
===============================================================================
[doctest] test cases:  1 |  1 passed | 0 failed | 21 skipped
[doctest] assertions: 20 | 20 passed | 0 failed |
[doctest] Status: SUCCESS!
<end of output>
Test time =   0.00 sec
----------------------------------------------------------
Test Passed.
"T-0043 header: template IDs are unique" end time: Aug 08 23:59 CEST
"T-0043 header: template IDs are unique" time elapsed: 00:00:00
----------------------------------------------------------

10/38 Testing: T-0043 header: template slots are in {0, 1, 2}
10/38 Test: T-0043 header: template slots are in {0, 1, 2}
Command: "/home/dennieseth/dev/assembled-board/worktrees/T-0045/server/build2/server_tests" "--test-case=T-0043 header: template slots are in {0\, 1\, 2}"
Directory: /home/dennieseth/dev/assembled-board/worktrees/T-0045/server/build2
"T-0043 header: template slots are in {0, 1, 2}" start time: Aug 08 23:59 CEST
Output:
----------------------------------------------------------
[doctest] doctest version is "2.4.11"
[doctest] run with "--help" for options
===============================================================================
[doctest] test cases:  1 |  1 passed | 0 failed | 21 skipped
[doctest] assertions: 40 | 40 passed | 0 failed |
[doctest] Status: SUCCESS!
<end of output>
Test time =   0.01 sec
----------------------------------------------------------
Test Passed.
"T-0043 header: template slots are in {0, 1, 2}" end time: Aug 08 23:59 CEST
"T-0043 header: template slots are in {0, 1, 2}" time elapsed: 00:00:00
----------------------------------------------------------

11/38 Testing: T-0043 header: anchor_tags reference valid archetype IDs
11/38 Test: T-0043 header: anchor_tags reference valid archetype IDs
Command: "/home/dennieseth/dev/assembled-board/worktrees/T-0045/server/build2/server_tests" "--test-case=T-0043 header: anchor_tags reference valid archetype IDs"
Directory: /home/dennieseth/dev/assembled-board/worktrees/T-0045/server/build2
"T-0043 header: anchor_tags reference valid archetype IDs" start time: Aug 08 23:59 CEST
Output:
----------------------------------------------------------
[doctest] doctest version is "2.4.11"
[doctest] run with "--help" for options
===============================================================================
[doctest] test cases:  1 |  1 passed | 0 failed | 21 skipped
[doctest] assertions: 24 | 24 passed | 0 failed |
[doctest] Status: SUCCESS!
<end of output>
Test time =   0.01 sec
----------------------------------------------------------
Test Passed.
"T-0043 header: anchor_tags reference valid archetype IDs" end time: Aug 08 23:59 CEST
"T-0043 header: anchor_tags reference valid archetype IDs" time elapsed: 00:00:00
----------------------------------------------------------

12/38 Testing: T-0043 header: anchor_tag (archetype_id, tag) pairs are unique
12/38 Test: T-0043 header: anchor_tag (archetype_id, tag) pairs are unique
Command: "/home/dennieseth/dev/assembled-board/worktrees/T-0045/server/build2/server_tests" "--test-case=T-0043 header: anchor_tag (archetype_id\, tag) pairs are unique"
Directory: /home/dennieseth/dev/assembled-board/worktrees/T-0045/server/build2
"T-0043 header: anchor_tag (archetype_id, tag) pairs are unique" start time: Aug 08 23:59 CEST
Output:
----------------------------------------------------------
[doctest] doctest version is "2.4.11"
[doctest] run with "--help" for options
===============================================================================
[doctest] test cases:  1 |  1 passed | 0 failed | 21 skipped
[doctest] assertions: 24 | 24 passed | 0 failed |
[doctest] Status: SUCCESS!
<end of output>
Test time =   0.01 sec
----------------------------------------------------------
Test Passed.
"T-0043 header: anchor_tag (archetype_id, tag) pairs are unique" end time: Aug 08 23:59 CEST
"T-0043 header: anchor_tag (archetype_id, tag) pairs are unique" time elapsed: 00:00:00
----------------------------------------------------------

13/38 Testing: T-0043 DB parity: note_templates row count
13/38 Test: T-0043 DB parity: note_templates row count
Command: "/home/dennieseth/dev/assembled-board/worktrees/T-0045/server/build2/server_tests" "--test-case=T-0043 DB parity: note_templates row count"
Directory: /home/dennieseth/dev/assembled-board/worktrees/T-0045/server/build2
"T-0043 DB parity: note_templates row count" start time: Aug 08 23:59 CEST
Output:
----------------------------------------------------------
[doctest] doctest version is "2.4.11"
[doctest] run with "--help" for options
===============================================================================
[doctest] test cases: 1 | 1 passed | 0 failed | 21 skipped
[doctest] assertions: 0 | 0 passed | 0 failed |
[doctest] Status: SUCCESS!
<end of output>
Test time =   0.01 sec
----------------------------------------------------------
Test Passed.
"T-0043 DB parity: note_templates row count" end time: Aug 08 23:59 CEST
"T-0043 DB parity: note_templates row count" time elapsed: 00:00:00
----------------------------------------------------------

14/38 Testing: T-0043 DB parity: note_templates IDs match shared header
14/38 Test: T-0043 DB parity: note_templates IDs match shared header
Command: "/home/dennieseth/dev/assembled-board/worktrees/T-0045/server/build2/server_tests" "--test-case=T-0043 DB parity: note_templates IDs match shared header"
Directory: /home/dennieseth/dev/assembled-board/worktrees/T-0045/server/build2
"T-0043 DB parity: note_templates IDs match shared header" start time: Aug 08 23:59 CEST
Output:
----------------------------------------------------------
[doctest] doctest version is "2.4.11"
[doctest] run with "--help" for options
===============================================================================
[doctest] test cases: 1 | 1 passed | 0 failed | 21 skipped
[doctest] assertions: 0 | 0 passed | 0 failed |
[doctest] Status: SUCCESS!
<end of output>
Test time =   0.01 sec
----------------------------------------------------------
Test Passed.
"T-0043 DB parity: note_templates IDs match shared header" end time: Aug 08 23:59 CEST
"T-0043 DB parity: note_templates IDs match shared header" time elapsed: 00:00:00
----------------------------------------------------------

15/38 Testing: T-0043 DB parity: note_words row count
15/38 Test: T-0043 DB parity: note_words row count
Command: "/home/dennieseth/dev/assembled-board/worktrees/T-0045/server/build2/server_tests" "--test-case=T-0043 DB parity: note_words row count"
Directory: /home/dennieseth/dev/assembled-board/worktrees/T-0045/server/build2
"T-0043 DB parity: note_words row count" start time: Aug 08 23:59 CEST
Output:
----------------------------------------------------------
[doctest] doctest version is "2.4.11"
[doctest] run with "--help" for options
===============================================================================
[doctest] test cases: 1 | 1 passed | 0 failed | 21 skipped
[doctest] assertions: 0 | 0 passed | 0 failed |
[doctest] Status: SUCCESS!
<end of output>
Test time =   0.01 sec
----------------------------------------------------------
Test Passed.
"T-0043 DB parity: note_words row count" end time: Aug 08 23:59 CEST
"T-0043 DB parity: note_words row count" time elapsed: 00:00:00
----------------------------------------------------------

16/38 Testing: T-0043 DB parity: note_words IDs match shared header
16/38 Test: T-0043 DB parity: note_words IDs match shared header
Command: "/home/dennieseth/dev/assembled-board/worktrees/T-0045/server/build2/server_tests" "--test-case=T-0043 DB parity: note_words IDs match shared header"
Directory: /home/dennieseth/dev/assembled-board/worktrees/T-0045/server/build2
"T-0043 DB parity: note_words IDs match shared header" start time: Aug 08 23:59 CEST
Output:
----------------------------------------------------------
[doctest] doctest version is "2.4.11"
[doctest] run with "--help" for options
===============================================================================
[doctest] test cases: 1 | 1 passed | 0 failed | 21 skipped
[doctest] assertions: 0 | 0 passed | 0 failed |
[doctest] Status: SUCCESS!
<end of output>
Test time =   0.01 sec
----------------------------------------------------------
Test Passed.
"T-0043 DB parity: note_words IDs match shared header" end time: Aug 08 23:59 CEST
"T-0043 DB parity: note_words IDs match shared header" time elapsed: 00:00:00
----------------------------------------------------------

17/38 Testing: T-0043 DB parity: note_words categories match shared header
17/38 Test: T-0043 DB parity: note_words categories match shared header
Command: "/home/dennieseth/dev/assembled-board/worktrees/T-0045/server/build2/server_tests" "--test-case=T-0043 DB parity: note_words categories match shared header"
Directory: /home/dennieseth/dev/assembled-board/worktrees/T-0045/server/build2
"T-0043 DB parity: note_words categories match shared header" start time: Aug 08 23:59 CEST
Output:
----------------------------------------------------------
[doctest] doctest version is "2.4.11"
[doctest] run with "--help" for options
===============================================================================
[doctest] test cases: 1 | 1 passed | 0 failed | 21 skipped
[doctest] assertions: 0 | 0 passed | 0 failed |
[doctest] Status: SUCCESS!
<end of output>
Test time =   0.01 sec
----------------------------------------------------------
Test Passed.
"T-0043 DB parity: note_words categories match shared header" end time: Aug 08 23:59 CEST
"T-0043 DB parity: note_words categories match shared header" time elapsed: 00:00:00
----------------------------------------------------------

18/38 Testing: T-0043 DB parity: archetype row count
18/38 Test: T-0043 DB parity: archetype row count
Command: "/home/dennieseth/dev/assembled-board/worktrees/T-0045/server/build2/server_tests" "--test-case=T-0043 DB parity: archetype row count"
Directory: /home/dennieseth/dev/assembled-board/worktrees/T-0045/server/build2
"T-0043 DB parity: archetype row count" start time: Aug 08 23:59 CEST
Output:
----------------------------------------------------------
[doctest] doctest version is "2.4.11"
[doctest] run with "--help" for options
===============================================================================
[doctest] test cases: 1 | 1 passed | 0 failed | 21 skipped
[doctest] assertions: 0 | 0 passed | 0 failed |
[doctest] Status: SUCCESS!
<end of output>
Test time =   0.01 sec
----------------------------------------------------------
Test Passed.
"T-0043 DB parity: archetype row count" end time: Aug 08 23:59 CEST
"T-0043 DB parity: archetype row count" time elapsed: 00:00:00
----------------------------------------------------------

19/38 Testing: T-0043 DB parity: archetype IDs match shared header
19/38 Test: T-0043 DB parity: archetype IDs match shared header
Command: "/home/dennieseth/dev/assembled-board/worktrees/T-0045/server/build2/server_tests" "--test-case=T-0043 DB parity: archetype IDs match shared header"
Directory: /home/dennieseth/dev/assembled-board/worktrees/T-0045/server/build2
"T-0043 DB parity: archetype IDs match shared header" start time: Aug 08 23:59 CEST
Output:
----------------------------------------------------------
[doctest] doctest version is "2.4.11"
[doctest] run with "--help" for options
===============================================================================
[doctest] test cases: 1 | 1 passed | 0 failed | 21 skipped
[doctest] assertions: 0 | 0 passed | 0 failed |
[doctest] Status: SUCCESS!
<end of output>
Test time =   0.00 sec
----------------------------------------------------------
Test Passed.
"T-0043 DB parity: archetype IDs match shared header" end time: Aug 08 23:59 CEST
"T-0043 DB parity: archetype IDs match shared header" time elapsed: 00:00:00
----------------------------------------------------------

20/38 Testing: T-0043 DB parity: anchor_tag row count
20/38 Test: T-0043 DB parity: anchor_tag row count
Command: "/home/dennieseth/dev/assembled-board/worktrees/T-0045/server/build2/server_tests" "--test-case=T-0043 DB parity: anchor_tag row count"
Directory: /home/dennieseth/dev/assembled-board/worktrees/T-0045/server/build2
"T-0043 DB parity: anchor_tag row count" start time: Aug 08 23:59 CEST
Output:
----------------------------------------------------------
[doctest] doctest version is "2.4.11"
[doctest] run with "--help" for options
===============================================================================
[doctest] test cases: 1 | 1 passed | 0 failed | 21 skipped
[doctest] assertions: 0 | 0 passed | 0 failed |
[doctest] Status: SUCCESS!
<end of output>
Test time =   0.01 sec
----------------------------------------------------------
Test Passed.
"T-0043 DB parity: anchor_tag row count" end time: Aug 08 23:59 CEST
"T-0043 DB parity: anchor_tag row count" time elapsed: 00:00:00
----------------------------------------------------------

21/38 Testing: T-0043 DB parity: anchor_tag pairs match shared header
21/38 Test: T-0043 DB parity: anchor_tag pairs match shared header
Command: "/home/dennieseth/dev/assembled-board/worktrees/T-0045/server/build2/server_tests" "--test-case=T-0043 DB parity: anchor_tag pairs match shared header"
Directory: /home/dennieseth/dev/assembled-board/worktrees/T-0045/server/build2
"T-0043 DB parity: anchor_tag pairs match shared header" start time: Aug 08 23:59 CEST
Output:
----------------------------------------------------------
[doctest] doctest version is "2.4.11"
[doctest] run with "--help" for options
===============================================================================
[doctest] test cases: 1 | 1 passed | 0 failed | 21 skipped
[doctest] assertions: 0 | 0 passed | 0 failed |
[doctest] Status: SUCCESS!
<end of output>
Test time =   0.01 sec
----------------------------------------------------------
Test Passed.
"T-0043 DB parity: anchor_tag pairs match shared header" end time: Aug 08 23:59 CEST
"T-0043 DB parity: anchor_tag pairs match shared header" time elapsed: 00:00:00
----------------------------------------------------------

22/38 Testing: server CI toolchain is wired
22/38 Test: server CI toolchain is wired
Command: "/home/dennieseth/dev/assembled-board/worktrees/T-0045/server/build2/server_tests" "--test-case=server CI toolchain is wired"
Directory: /home/dennieseth/dev/assembled-board/worktrees/T-0045/server/build2
"server CI toolchain is wired" start time: Aug 08 23:59 CEST
Output:
----------------------------------------------------------
[doctest] doctest version is "2.4.11"
[doctest] run with "--help" for options
===============================================================================
[doctest] test cases: 1 | 1 passed | 0 failed | 21 skipped
[doctest] assertions: 1 | 1 passed | 0 failed |
[doctest] Status: SUCCESS!
<end of output>
Test time =   0.00 sec
----------------------------------------------------------
Test Passed.
"server CI toolchain is wired" end time: Aug 08 23:59 CEST
"server CI toolchain is wired" time elapsed: 00:00:00
----------------------------------------------------------

23/38 Testing: SeedPhrase wordlist has exactly 256 entries
23/38 Test: SeedPhrase wordlist has exactly 256 entries
Command: "/home/dennieseth/dev/assembled-board/worktrees/T-0045/server/build2/identity_tests" "--test-case=SeedPhrase wordlist has exactly 256 entries"
Directory: /home/dennieseth/dev/assembled-board/worktrees/T-0045/server/build2
"SeedPhrase wordlist has exactly 256 entries" start time: Aug 08 23:59 CEST
Output:
----------------------------------------------------------
[doctest] doctest version is "2.4.11"
[doctest] run with "--help" for options
===============================================================================
[doctest] test cases: 1 | 1 passed | 0 failed | 10 skipped
[doctest] assertions: 1 | 1 passed | 0 failed |
[doctest] Status: SUCCESS!
<end of output>
Test time =   0.01 sec
----------------------------------------------------------
Test Passed.
"SeedPhrase wordlist has exactly 256 entries" end time: Aug 08 23:59 CEST
"SeedPhrase wordlist has exactly 256 entries" time elapsed: 00:00:00
----------------------------------------------------------

24/38 Testing: SeedPhrase::generate produces 8 words all from the wordlist
24/38 Test: SeedPhrase::generate produces 8 words all from the wordlist
Command: "/home/dennieseth/dev/assembled-board/worktrees/T-0045/server/build2/identity_tests" "--test-case=SeedPhrase::generate produces 8 words all from the wordlist"
Directory: /home/dennieseth/dev/assembled-board/worktrees/T-0045/server/build2
"SeedPhrase::generate produces 8 words all from the wordlist" start time: Aug 08 23:59 CEST
Output:
----------------------------------------------------------
[doctest] doctest version is "2.4.11"
[doctest] run with "--help" for options
===============================================================================
[doctest] test cases: 1 | 1 passed | 0 failed | 10 skipped
[doctest] assertions: 9 | 9 passed | 0 failed |
[doctest] Status: SUCCESS!
<end of output>
Test time =   0.01 sec
----------------------------------------------------------
Test Passed.
"SeedPhrase::generate produces 8 words all from the wordlist" end time: Aug 08 23:59 CEST
"SeedPhrase::generate produces 8 words all from the wordlist" time elapsed: 00:00:00
----------------------------------------------------------

25/38 Testing: SeedPhrase::generate produces varied output across calls
25/38 Test: SeedPhrase::generate produces varied output across calls
Command: "/home/dennieseth/dev/assembled-board/worktrees/T-0045/server/build2/identity_tests" "--test-case=SeedPhrase::generate produces varied output across calls"
Directory: /home/dennieseth/dev/assembled-board/worktrees/T-0045/server/build2
"SeedPhrase::generate produces varied output across calls" start time: Aug 08 23:59 CEST
Output:
----------------------------------------------------------
[doctest] doctest version is "2.4.11"
[doctest] run with "--help" for options
===============================================================================
[doctest] test cases: 1 | 1 passed | 0 failed | 10 skipped
[doctest] assertions: 1 | 1 passed | 0 failed |
[doctest] Status: SUCCESS!
<end of output>
Test time =   0.01 sec
----------------------------------------------------------
Test Passed.
"SeedPhrase::generate produces varied output across calls" end time: Aug 08 23:59 CEST
"SeedPhrase::generate produces varied output across calls" time elapsed: 00:00:00
----------------------------------------------------------

26/38 Testing: SeedPhrase::deriveToken is deterministic
26/38 Test: SeedPhrase::deriveToken is deterministic
Command: "/home/dennieseth/dev/assembled-board/worktrees/T-0045/server/build2/identity_tests" "--test-case=SeedPhrase::deriveToken is deterministic"
Directory: /home/dennieseth/dev/assembled-board/worktrees/T-0045/server/build2
"SeedPhrase::deriveToken is deterministic" start time: Aug 08 23:59 CEST
Output:
----------------------------------------------------------
[doctest] doctest version is "2.4.11"
[doctest] run with "--help" for options
===============================================================================
[doctest] test cases: 1 | 1 passed | 0 failed | 10 skipped
[doctest] assertions: 2 | 2 passed | 0 failed |
[doctest] Status: SUCCESS!
<end of output>
Test time =   0.01 sec
----------------------------------------------------------
Test Passed.
"SeedPhrase::deriveToken is deterministic" end time: Aug 08 23:59 CEST
"SeedPhrase::deriveToken is deterministic" time elapsed: 00:00:00
----------------------------------------------------------

27/38 Testing: SeedPhrase::deriveToken differs for different phrases
27/38 Test: SeedPhrase::deriveToken differs for different phrases
Command: "/home/dennieseth/dev/assembled-board/worktrees/T-0045/server/build2/identity_tests" "--test-case=SeedPhrase::deriveToken differs for different phrases"
Directory: /home/dennieseth/dev/assembled-board/worktrees/T-0045/server/build2
"SeedPhrase::deriveToken differs for different phrases" start time: Aug 08 23:59 CEST
Output:
----------------------------------------------------------
[doctest] doctest version is "2.4.11"
[doctest] run with "--help" for options
===============================================================================
[doctest] test cases: 1 | 1 passed | 0 failed | 10 skipped
[doctest] assertions: 1 | 1 passed | 0 failed |
[doctest] Status: SUCCESS!
<end of output>
Test time =   0.01 sec
----------------------------------------------------------
Test Passed.
"SeedPhrase::deriveToken differs for different phrases" end time: Aug 08 23:59 CEST
"SeedPhrase::deriveToken differs for different phrases" time elapsed: 00:00:00
----------------------------------------------------------

28/38 Testing: SeedPhrase::deriveToken output is not the phrase itself
28/38 Test: SeedPhrase::deriveToken output is not the phrase itself
Command: "/home/dennieseth/dev/assembled-board/worktrees/T-0045/server/build2/identity_tests" "--test-case=SeedPhrase::deriveToken output is not the phrase itself"
Directory: /home/dennieseth/dev/assembled-board/worktrees/T-0045/server/build2
"SeedPhrase::deriveToken output is not the phrase itself" start time: Aug 08 23:59 CEST
Output:
----------------------------------------------------------
[doctest] doctest version is "2.4.11"
[doctest] run with "--help" for options
===============================================================================
[doctest] test cases: 1 | 1 passed | 0 failed | 10 skipped
[doctest] assertions: 1 | 1 passed | 0 failed |
[doctest] Status: SUCCESS!
<end of output>
Test time =   0.01 sec
----------------------------------------------------------
Test Passed.
"SeedPhrase::deriveToken output is not the phrase itself" end time: Aug 08 23:59 CEST
"SeedPhrase::deriveToken output is not the phrase itself" time elapsed: 00:00:00
----------------------------------------------------------

29/38 Testing: RateLimiter allows requests within the limit
29/38 Test: RateLimiter allows requests within the limit
Command: "/home/dennieseth/dev/assembled-board/worktrees/T-0045/server/build2/identity_tests" "--test-case=RateLimiter allows requests within the limit"
Directory: /home/dennieseth/dev/assembled-board/worktrees/T-0045/server/build2
"RateLimiter allows requests within the limit" start time: Aug 08 23:59 CEST
Output:
----------------------------------------------------------
[doctest] doctest version is "2.4.11"
[doctest] run with "--help" for options
===============================================================================
[doctest] test cases: 1 | 1 passed | 0 failed | 10 skipped
[doctest] assertions: 3 | 3 passed | 0 failed |
[doctest] Status: SUCCESS!
<end of output>
Test time =   0.01 sec
----------------------------------------------------------
Test Passed.
"RateLimiter allows requests within the limit" end time: Aug 08 23:59 CEST
"RateLimiter allows requests within the limit" time elapsed: 00:00:00
----------------------------------------------------------

30/38 Testing: RateLimiter blocks the request that exceeds the limit
30/38 Test: RateLimiter blocks the request that exceeds the limit
Command: "/home/dennieseth/dev/assembled-board/worktrees/T-0045/server/build2/identity_tests" "--test-case=RateLimiter blocks the request that exceeds the limit"
Directory: /home/dennieseth/dev/assembled-board/worktrees/T-0045/server/build2
"RateLimiter blocks the request that exceeds the limit" start time: Aug 08 23:59 CEST
Output:
----------------------------------------------------------
[doctest] doctest version is "2.4.11"
[doctest] run with "--help" for options
===============================================================================
[doctest] test cases: 1 | 1 passed | 0 failed | 10 skipped
[doctest] assertions: 1 | 1 passed | 0 failed |
[doctest] Status: SUCCESS!
<end of output>
Test time =   0.00 sec
----------------------------------------------------------
Test Passed.
"RateLimiter blocks the request that exceeds the limit" end time: Aug 08 23:59 CEST
"RateLimiter blocks the request that exceeds the limit" time elapsed: 00:00:00
----------------------------------------------------------

31/38 Testing: RateLimiter tracks limits per-IP independently
31/38 Test: RateLimiter tracks limits per-IP independently
Command: "/home/dennieseth/dev/assembled-board/worktrees/T-0045/server/build2/identity_tests" "--test-case=RateLimiter tracks limits per-IP independently"
Directory: /home/dennieseth/dev/assembled-board/worktrees/T-0045/server/build2
"RateLimiter tracks limits per-IP independently" start time: Aug 08 23:59 CEST
Output:
----------------------------------------------------------
[doctest] doctest version is "2.4.11"
[doctest] run with "--help" for options
===============================================================================
[doctest] test cases: 1 | 1 passed | 0 failed | 10 skipped
[doctest] assertions: 3 | 3 passed | 0 failed |
[doctest] Status: SUCCESS!
<end of output>
Test time =   0.01 sec
----------------------------------------------------------
Test Passed.
"RateLimiter tracks limits per-IP independently" end time: Aug 08 23:59 CEST
"RateLimiter tracks limits per-IP independently" time elapsed: 00:00:00
----------------------------------------------------------

32/38 Testing: identity table has no phrase column
32/38 Test: identity table has no phrase column
Command: "/home/dennieseth/dev/assembled-board/worktrees/T-0045/server/build2/identity_tests" "--test-case=identity table has no phrase column"
Directory: /home/dennieseth/dev/assembled-board/worktrees/T-0045/server/build2
"identity table has no phrase column" start time: Aug 08 23:59 CEST
Output:
----------------------------------------------------------
[doctest] doctest version is "2.4.11"
[doctest] run with "--help" for options
===============================================================================
[doctest] test cases: 1 | 1 passed | 0 failed | 10 skipped
[doctest] assertions: 0 | 0 passed | 0 failed |
[doctest] Status: SUCCESS!
<end of output>
Test time =   0.01 sec
----------------------------------------------------------
Test Passed.
"identity table has no phrase column" end time: Aug 08 23:59 CEST
"identity table has no phrase column" time elapsed: 00:00:00
----------------------------------------------------------

33/38 Testing: POST /v1/identity HTTP integration
33/38 Test: POST /v1/identity HTTP integration
Command: "/home/dennieseth/dev/assembled-board/worktrees/T-0045/server/build2/identity_tests" "--test-case=POST /v1/identity HTTP integration"
Directory: /home/dennieseth/dev/assembled-board/worktrees/T-0045/server/build2
"POST /v1/identity HTTP integration" start time: Aug 08 23:59 CEST
Output:
----------------------------------------------------------
[doctest] doctest version is "2.4.11"
[doctest] run with "--help" for options
===============================================================================
[doctest] test cases: 1 | 1 passed | 0 failed | 10 skipped
[doctest] assertions: 0 | 0 passed | 0 failed |
[doctest] Status: SUCCESS!
<end of output>
Test time =   0.01 sec
----------------------------------------------------------
Test Passed.
"POST /v1/identity HTTP integration" end time: Aug 08 23:59 CEST
"POST /v1/identity HTTP integration" time elapsed: 00:00:00
----------------------------------------------------------

34/38 Testing: PgNoteRepo CRUD round-trip
34/38 Test: PgNoteRepo CRUD round-trip
Command: "/home/dennieseth/dev/assembled-board/worktrees/T-0045/server/build2/note_repo_tests" "--test-case=PgNoteRepo CRUD round-trip"
Directory: /home/dennieseth/dev/assembled-board/worktrees/T-0045/server/build2
"PgNoteRepo CRUD round-trip" start time: Aug 08 23:59 CEST
Output:
----------------------------------------------------------
[doctest] doctest version is "2.4.11"
[doctest] run with "--help" for options
===============================================================================
[doctest] test cases: 1 | 1 passed | 0 failed | 3 skipped
[doctest] assertions: 0 | 0 passed | 0 failed |
[doctest] Status: SUCCESS!
<end of output>
Test time =   0.01 sec
----------------------------------------------------------
Test Passed.
"PgNoteRepo CRUD round-trip" end time: Aug 08 23:59 CEST
"PgNoteRepo CRUD round-trip" time elapsed: 00:00:00
----------------------------------------------------------

35/38 Testing: PgNoteRepo rejects bad template_id via FK
35/38 Test: PgNoteRepo rejects bad template_id via FK
Command: "/home/dennieseth/dev/assembled-board/worktrees/T-0045/server/build2/note_repo_tests" "--test-case=PgNoteRepo rejects bad template_id via FK"
Directory: /home/dennieseth/dev/assembled-board/worktrees/T-0045/server/build2
"PgNoteRepo rejects bad template_id via FK" start time: Aug 08 23:59 CEST
Output:
----------------------------------------------------------
[doctest] doctest version is "2.4.11"
[doctest] run with "--help" for options
===============================================================================
[doctest] test cases: 1 | 1 passed | 0 failed | 3 skipped
[doctest] assertions: 0 | 0 passed | 0 failed |
[doctest] Status: SUCCESS!
<end of output>
Test time =   0.01 sec
----------------------------------------------------------
Test Passed.
"PgNoteRepo rejects bad template_id via FK" end time: Aug 08 23:59 CEST
"PgNoteRepo rejects bad template_id via FK" time elapsed: 00:00:00
----------------------------------------------------------

36/38 Testing: PgNoteRepo rejects bad slot_a via FK
36/38 Test: PgNoteRepo rejects bad slot_a via FK
Command: "/home/dennieseth/dev/assembled-board/worktrees/T-0045/server/build2/note_repo_tests" "--test-case=PgNoteRepo rejects bad slot_a via FK"
Directory: /home/dennieseth/dev/assembled-board/worktrees/T-0045/server/build2
"PgNoteRepo rejects bad slot_a via FK" start time: Aug 08 23:59 CEST
Output:
----------------------------------------------------------
[doctest] doctest version is "2.4.11"
[doctest] run with "--help" for options
===============================================================================
[doctest] test cases: 1 | 1 passed | 0 failed | 3 skipped
[doctest] assertions: 0 | 0 passed | 0 failed |
[doctest] Status: SUCCESS!
<end of output>
Test time =   0.01 sec
----------------------------------------------------------
Test Passed.
"PgNoteRepo rejects bad slot_a via FK" end time: Aug 08 23:59 CEST
"PgNoteRepo rejects bad slot_a via FK" time elapsed: 00:00:00
----------------------------------------------------------

37/38 Testing: NoteRepo fetch is keyed on (archetype_id, anchor_tag) — no radius
37/38 Test: NoteRepo fetch is keyed on (archetype_id, anchor_tag) — no radius
Command: "/home/dennieseth/dev/assembled-board/worktrees/T-0045/server/build2/note_repo_tests" "--test-case=NoteRepo fetch is keyed on (archetype_id\, anchor_tag) — no radius"
Directory: /home/dennieseth/dev/assembled-board/worktrees/T-0045/server/build2
"NoteRepo fetch is keyed on (archetype_id, anchor_tag) — no radius" start time: Aug 08 23:59 CEST
Output:
----------------------------------------------------------
[doctest] doctest version is "2.4.11"
[doctest] run with "--help" for options
===============================================================================
[doctest] test cases: 1 | 1 passed | 0 failed | 3 skipped
[doctest] assertions: 1 | 1 passed | 0 failed |
[doctest] Status: SUCCESS!
<end of output>
Test time =   0.01 sec
----------------------------------------------------------
Test Passed.
"NoteRepo fetch is keyed on (archetype_id, anchor_tag) — no radius" end time: Aug 08 23:59 CEST
"NoteRepo fetch is keyed on (archetype_id, anchor_tag) — no radius" time elapsed: 00:00:00
----------------------------------------------------------

38/38 Testing: POST /v1/notes HTTP integration
38/38 Test: POST /v1/notes HTTP integration
Command: "/home/dennieseth/dev/assembled-board/worktrees/T-0045/server/build2/note_handler_tests" "--test-case=POST /v1/notes HTTP integration"
Directory: /home/dennieseth/dev/assembled-board/worktrees/T-0045/server/build2
"POST /v1/notes HTTP integration" start time: Aug 08 23:59 CEST
Output:
----------------------------------------------------------
[doctest] doctest version is "2.4.11"
[doctest] run with "--help" for options
===============================================================================
[doctest] test cases: 1 | 1 passed | 0 failed | 0 skipped
[doctest] assertions: 0 | 0 passed | 0 failed |
[doctest] Status: SUCCESS!
<end of output>
Test time =   0.01 sec
----------------------------------------------------------
Test Passed.
"POST /v1/notes HTTP integration" end time: Aug 08 23:59 CEST
"POST /v1/notes HTTP integration" time elapsed: 00:00:00
----------------------------------------------------------

End testing: Aug 08 23:59 CEST
